0 info it worked if it ends with ok
1 verbose cli [ 'C:\\Program Files\\nodejs\\node.exe',
1 verbose cli   'C:\\Program Files\\nodejs\\node_modules\\npm\\bin\\npm-cli.js',
1 verbose cli   'install',
1 verbose cli   '--no-cache',
1 verbose cli   'git' ]
2 info using npm@5.6.0
3 info using node@v8.10.0
4 verbose npm-session b1b8284a52007fe4
5 silly install loadCurrentTree
6 silly install readLocalPackageData
7 http fetch GET 200 https://registry.npmjs.org/git 754ms
8 silly pacote tag manifest for git@latest fetched in 815ms
9 silly install loadIdealTree
10 silly install cloneCurrentTreeToIdealTree
11 silly install loadShrinkwrap
12 silly fetchPackageMetaData error for webpack-stream@github:jeroennoten/webpack-stream#d78a3568e259f9cdbc64c60290639af6ef6d3baf No git binary found in $PATH
13 silly saveTree petraWebsite
13 silly saveTree +-- axios@0.18.0
13 silly saveTree | +-- follow-redirects@1.4.1
13 silly saveTree | | `-- debug@3.1.0
13 silly saveTree | |   `-- ms@2.0.0
13 silly saveTree | `-- is-buffer@1.1.6
13 silly saveTree +-- bootstrap@4.1.1
13 silly saveTree +-- cross-env@5.1.5
13 silly saveTree | +-- cross-spawn@5.1.0
13 silly saveTree | | +-- lru-cache@4.1.3
13 silly saveTree | | | `-- pseudomap@1.0.2
13 silly saveTree | | `-- shebang-command@1.2.0
13 silly saveTree | |   `-- shebang-regex@1.0.0
13 silly saveTree | `-- is-windows@1.0.2
13 silly saveTree +-- fullcalendar@3.9.0
13 silly saveTree | +-- jquery@3.3.1
13 silly saveTree | `-- moment@2.22.1
13 silly saveTree +-- gulp@3.9.1
13 silly saveTree | +-- chalk@1.1.3
13 silly saveTree | | +-- ansi-styles@2.2.1
13 silly saveTree | | `-- supports-color@2.0.0
13 silly saveTree | +-- minimist@1.2.0
13 silly saveTree | +-- semver@4.3.6
13 silly saveTree | `-- vinyl-fs@0.3.14
13 silly saveTree |   +-- glob-stream@3.1.18
13 silly saveTree |   | +-- glob@4.5.3
13 silly saveTree |   | | `-- minimatch@2.0.10
13 silly saveTree |   | +-- minimatch@2.0.10
13 silly saveTree |   | +-- ordered-read-streams@0.1.0
13 silly saveTree |   | `-- unique-stream@1.0.0
13 silly saveTree |   +-- graceful-fs@3.0.11
13 silly saveTree |   +-- strip-bom@1.0.0
13 silly saveTree |   `-- vinyl@0.4.6
13 silly saveTree |     `-- clone@0.2.0
13 silly saveTree +-- jquery@3.3.1
13 silly saveTree +-- laravel-elixir-webpack-official@1.0.10
13 silly saveTree | +-- buble-loader@0.2.2
13 silly saveTree | +-- buble@0.12.5
13 silly saveTree | | +-- acorn-jsx@3.0.1
13 silly saveTree | | | `-- acorn@3.3.0
13 silly saveTree | | +-- acorn-object-spread@1.0.0
13 silly saveTree | | | `-- acorn@3.3.0
13 silly saveTree | | +-- acorn@3.3.0
13 silly saveTree | | +-- chalk@1.1.3
13 silly saveTree | | | +-- ansi-styles@2.2.1
13 silly saveTree | | | +-- escape-string-regexp@1.0.5
13 silly saveTree | | | +-- has-ansi@2.0.0
13 silly saveTree | | | | `-- ansi-regex@2.1.1
13 silly saveTree | | | +-- strip-ansi@3.0.1
13 silly saveTree | | | `-- supports-color@2.0.0
13 silly saveTree | | +-- magic-string@0.14.0
13 silly saveTree | | | `-- vlq@0.2.3
13 silly saveTree | | +-- minimist@1.2.0
13 silly saveTree | | `-- os-homedir@1.0.2
13 silly saveTree | +-- gulp-filter@4.0.0
13 silly saveTree | | +-- gulp-util@3.0.8
13 silly saveTree | | | +-- array-differ@1.0.0
13 silly saveTree | | | +-- array-uniq@1.0.3
13 silly saveTree | | | +-- beeper@1.1.1
13 silly saveTree | | | +-- chalk@1.1.3
13 silly saveTree | | | | +-- ansi-styles@2.2.1
13 silly saveTree | | | | `-- supports-color@2.0.0
13 silly saveTree | | | +-- dateformat@2.2.0
13 silly saveTree | | | +-- fancy-log@1.3.2
13 silly saveTree | | | | +-- ansi-gray@0.1.1
13 silly saveTree | | | | | `-- ansi-wrap@0.1.0
13 silly saveTree | | | | +-- color-support@1.1.3
13 silly saveTree | | | | `-- time-stamp@1.1.0
13 silly saveTree | | | +-- gulplog@1.0.0
13 silly saveTree | | | | `-- glogg@1.0.1
13 silly saveTree | | | |   `-- sparkles@1.0.1
13 silly saveTree | | | +-- has-gulplog@0.1.0
13 silly saveTree | | | +-- lodash._reescape@3.0.0
13 silly saveTree | | | +-- lodash._reevaluate@3.0.0
13 silly saveTree | | | +-- lodash._reinterpolate@3.0.0
13 silly saveTree | | | +-- lodash.template@3.6.2
13 silly saveTree | | | | +-- lodash._basecopy@3.0.1
13 silly saveTree | | | | +-- lodash._basetostring@3.0.1
13 silly saveTree | | | | +-- lodash._basevalues@3.0.0
13 silly saveTree | | | | +-- lodash._isiterateecall@3.0.9
13 silly saveTree | | | | +-- lodash.escape@3.2.0
13 silly saveTree | | | | | `-- lodash._root@3.0.1
13 silly saveTree | | | | +-- lodash.keys@3.1.2
13 silly saveTree | | | | | +-- lodash._getnative@3.9.1
13 silly saveTree | | | | | +-- lodash.isarguments@3.1.0
13 silly saveTree | | | | | `-- lodash.isarray@3.0.4
13 silly saveTree | | | | +-- lodash.restparam@3.6.1
13 silly saveTree | | | | `-- lodash.templatesettings@3.1.1
13 silly saveTree | | | +-- minimist@1.2.0
13 silly saveTree | | | +-- multipipe@0.1.2
13 silly saveTree | | | | `-- duplexer2@0.0.2
13 silly saveTree | | | |   `-- readable-stream@1.1.14
13 silly saveTree | | | |     +-- core-util-is@1.0.2
13 silly saveTree | | | |     +-- inherits@2.0.3
13 silly saveTree | | | |     +-- isarray@0.0.1
13 silly saveTree | | | |     `-- string_decoder@0.10.31
13 silly saveTree | | | +-- object-assign@3.0.0
13 silly saveTree | | | +-- replace-ext@0.0.1
13 silly saveTree | | | +-- through2@2.0.3
13 silly saveTree | | | | `-- readable-stream@2.3.6
13 silly saveTree | | | |   +-- isarray@1.0.0
13 silly saveTree | | | |   +-- process-nextick-args@2.0.0
13 silly saveTree | | | |   +-- safe-buffer@5.1.2
13 silly saveTree | | | |   +-- string_decoder@1.1.1
13 silly saveTree | | | |   `-- util-deprecate@1.0.2
13 silly saveTree | | | `-- vinyl@0.5.3
13 silly saveTree | | |   +-- clone-stats@0.0.1
13 silly saveTree | | |   `-- clone@1.0.4
13 silly saveTree | | +-- multimatch@2.1.0
13 silly saveTree | | | +-- array-union@1.0.2
13 silly saveTree | | | +-- arrify@1.0.1
13 silly saveTree | | | `-- minimatch@3.0.4
13 silly saveTree | | |   `-- brace-expansion@1.1.11
13 silly saveTree | | |     +-- balanced-match@1.0.0
13 silly saveTree | | |     `-- concat-map@0.0.1
13 silly saveTree | | `-- streamfilter@1.0.7
13 silly saveTree | +-- lodash@4.17.10
13 silly saveTree | `-- webpack@2.1.0-beta.22
13 silly saveTree |   +-- acorn@3.3.0
13 silly saveTree |   +-- async@1.5.2
13 silly saveTree |   +-- enhanced-resolve@2.3.0
13 silly saveTree |   | +-- graceful-fs@4.1.11
13 silly saveTree |   | +-- memory-fs@0.3.0
13 silly saveTree |   | | `-- errno@0.1.7
13 silly saveTree |   | |   `-- prr@1.0.1
13 silly saveTree |   | +-- object-assign@4.1.1
13 silly saveTree |   | `-- tapable@0.2.8
13 silly saveTree |   +-- interpret@1.1.0
13 silly saveTree |   +-- loader-runner@2.3.0
13 silly saveTree |   +-- loader-utils@0.2.17
13 silly saveTree |   | +-- big.js@3.2.0
13 silly saveTree |   | +-- emojis-list@2.1.0
13 silly saveTree |   | `-- json5@0.5.1
13 silly saveTree |   +-- memory-fs@0.3.0
13 silly saveTree |   +-- mkdirp@0.5.1
13 silly saveTree |   | `-- minimist@0.0.8
13 silly saveTree |   +-- node-libs-browser@1.1.1
13 silly saveTree |   | +-- assert@1.4.1
13 silly saveTree |   | | `-- util@0.10.3
13 silly saveTree |   | |   `-- inherits@2.0.1
13 silly saveTree |   | +-- browserify-zlib@0.1.4
13 silly saveTree |   | | `-- pako@0.2.9
13 silly saveTree |   | +-- buffer@4.9.1
13 silly saveTree |   | | +-- base64-js@1.3.0
13 silly saveTree |   | | `-- ieee754@1.1.11
13 silly saveTree |   | +-- console-browserify@1.1.0
13 silly saveTree |   | | `-- date-now@0.1.4
13 silly saveTree |   | +-- constants-browserify@1.0.0
13 silly saveTree |   | +-- crypto-browserify@3.12.0
13 silly saveTree |   | | +-- browserify-cipher@1.0.1
13 silly saveTree |   | | | +-- browserify-aes@1.2.0
13 silly saveTree |   | | | | +-- buffer-xor@1.0.3
13 silly saveTree |   | | | | +-- cipher-base@1.0.4
13 silly saveTree |   | | | | +-- create-hash@1.2.0
13 silly saveTree |   | | | | | +-- md5.js@1.3.4
13 silly saveTree |   | | | | | | `-- hash-base@3.0.4
13 silly saveTree |   | | | | | +-- ripemd160@2.0.2
13 silly saveTree |   | | | | | `-- sha.js@2.4.11
13 silly saveTree |   | | | | `-- evp_bytestokey@1.0.3
13 silly saveTree |   | | | +-- browserify-des@1.0.1
13 silly saveTree |   | | | | `-- des.js@1.0.0
13 silly saveTree |   | | | |   `-- minimalistic-assert@1.0.1
13 silly saveTree |   | | | `-- evp_bytestokey@1.0.3
13 silly saveTree |   | | +-- browserify-sign@4.0.4
13 silly saveTree |   | | | +-- bn.js@4.11.8
13 silly saveTree |   | | | +-- browserify-rsa@4.0.1
13 silly saveTree |   | | | | `-- randombytes@2.0.6
13 silly saveTree |   | | | +-- create-hmac@1.1.7
13 silly saveTree |   | | | +-- elliptic@6.4.0
13 silly saveTree |   | | | | +-- brorand@1.1.0
13 silly saveTree |   | | | | +-- hash.js@1.1.3
13 silly saveTree |   | | | | +-- hmac-drbg@1.0.1
13 silly saveTree |   | | | | | `-- minimalistic-crypto-utils@1.0.1
13 silly saveTree |   | | | | `-- minimalistic-crypto-utils@1.0.1
13 silly saveTree |   | | | `-- parse-asn1@5.1.1
13 silly saveTree |   | | |   +-- asn1.js@4.10.1
13 silly saveTree |   | | |   `-- pbkdf2@3.0.16
13 silly saveTree |   | | +-- create-ecdh@4.0.3
13 silly saveTree |   | | +-- create-hash@1.2.0
13 silly saveTree |   | | +-- create-hmac@1.1.7
13 silly saveTree |   | | +-- diffie-hellman@5.0.3
13 silly saveTree |   | | | `-- miller-rabin@4.0.1
13 silly saveTree |   | | +-- pbkdf2@3.0.16
13 silly saveTree |   | | +-- public-encrypt@4.0.2
13 silly saveTree |   | | +-- randombytes@2.0.6
13 silly saveTree |   | | `-- randomfill@1.0.4
13 silly saveTree |   | +-- domain-browser@1.2.0
13 silly saveTree |   | +-- events@1.1.1
13 silly saveTree |   | +-- https-browserify@0.0.1
13 silly saveTree |   | +-- os-browserify@0.2.1
13 silly saveTree |   | +-- path-browserify@0.0.0
13 silly saveTree |   | +-- process@0.11.10
13 silly saveTree |   | +-- punycode@1.4.1
13 silly saveTree |   | +-- querystring-es3@0.2.1
13 silly saveTree |   | +-- stream-browserify@2.0.1
13 silly saveTree |   | +-- stream-http@2.8.2
13 silly saveTree |   | | +-- builtin-status-codes@3.0.0
13 silly saveTree |   | | `-- to-arraybuffer@1.0.1
13 silly saveTree |   | +-- string_decoder@0.10.31
13 silly saveTree |   | +-- timers-browserify@1.4.2
13 silly saveTree |   | +-- tty-browserify@0.0.0
13 silly saveTree |   | +-- url@0.11.0
13 silly saveTree |   | | +-- punycode@1.3.2
13 silly saveTree |   | | `-- querystring@0.2.0
13 silly saveTree |   | +-- util@0.10.3
13 silly saveTree |   | `-- vm-browserify@0.0.4
13 silly saveTree |   |   `-- indexof@0.0.1
13 silly saveTree |   +-- object-assign@4.1.1
13 silly saveTree |   +-- source-map@0.5.7
13 silly saveTree |   +-- supports-color@3.2.3
13 silly saveTree |   | `-- has-flag@1.0.0
13 silly saveTree |   +-- tapable@0.2.8
13 silly saveTree |   +-- uglify-js@2.6.4
13 silly saveTree |   | +-- async@0.2.10
13 silly saveTree |   | +-- uglify-to-browserify@1.0.2
13 silly saveTree |   | `-- yargs@3.10.0
13 silly saveTree |   |   +-- camelcase@1.2.1
13 silly saveTree |   |   +-- cliui@2.1.0
13 silly saveTree |   |   | +-- center-align@0.1.3
13 silly saveTree |   |   | | +-- align-text@0.1.4
13 silly saveTree |   |   | | | +-- kind-of@3.2.2
13 silly saveTree |   |   | | | +-- longest@1.0.1
13 silly saveTree |   |   | | | `-- repeat-string@1.6.1
13 silly saveTree |   |   | | `-- lazy-cache@1.0.4
13 silly saveTree |   |   | `-- right-align@0.1.3
13 silly saveTree |   |   `-- decamelize@1.2.0
13 silly saveTree |   +-- watchpack@1.6.0
13 silly saveTree |   | +-- chokidar@2.0.3
13 silly saveTree |   | | +-- anymatch@2.0.0
13 silly saveTree |   | | | +-- micromatch@3.1.10
13 silly saveTree |   | | | | +-- arr-diff@4.0.0
13 silly saveTree |   | | | | +-- array-unique@0.3.2
13 silly saveTree |   | | | | +-- braces@2.3.2
13 silly saveTree |   | | | | | +-- arr-flatten@1.1.0
13 silly saveTree |   | | | | | +-- extend-shallow@2.0.1
13 silly saveTree |   | | | | | | `-- is-extendable@0.1.1
13 silly saveTree |   | | | | | +-- fill-range@4.0.0
13 silly saveTree |   | | | | | | +-- extend-shallow@2.0.1
13 silly saveTree |   | | | | | | +-- is-number@3.0.0
13 silly saveTree |   | | | | | | | `-- kind-of@3.2.2
13 silly saveTree |   | | | | | | `-- to-regex-range@2.1.1
13 silly saveTree |   | | | | | +-- isobject@3.0.1
13 silly saveTree |   | | | | | +-- repeat-element@1.1.2
13 silly saveTree |   | | | | | +-- snapdragon-node@2.1.1
13 silly saveTree |   | | | | | | +-- define-property@1.0.0
13 silly saveTree |   | | | | | | | `-- is-descriptor@1.0.2
13 silly saveTree |   | | | | | | |   +-- is-accessor-descriptor@1.0.0
13 silly saveTree |   | | | | | | |   | `-- kind-of@6.0.2
13 silly saveTree |   | | | | | | |   +-- is-data-descriptor@1.0.0
13 silly saveTree |   | | | | | | |   `-- kind-of@6.0.2
13 silly saveTree |   | | | | | | `-- snapdragon-util@3.0.1
13 silly saveTree |   | | | | | |   `-- kind-of@3.2.2
13 silly saveTree |   | | | | | +-- snapdragon@0.8.2
13 silly saveTree |   | | | | | | +-- base@0.11.2
13 silly saveTree |   | | | | | | | +-- cache-base@1.0.1
13 silly saveTree |   | | | | | | | | +-- collection-visit@1.0.0
13 silly saveTree |   | | | | | | | | | +-- map-visit@1.0.0
13 silly saveTree |   | | | | | | | | | | `-- object-visit@1.0.1
13 silly saveTree |   | | | | | | | | | `-- object-visit@1.0.1
13 silly saveTree |   | | | | | | | | +-- component-emitter@1.2.1
13 silly saveTree |   | | | | | | | | +-- get-value@2.0.6
13 silly saveTree |   | | | | | | | | +-- has-value@1.0.0
13 silly saveTree |   | | | | | | | | | `-- has-values@1.0.0
13 silly saveTree |   | | | | | | | | |   `-- kind-of@4.0.0
13 silly saveTree |   | | | | | | | | +-- set-value@2.0.0
13 silly saveTree |   | | | | | | | | | +-- extend-shallow@2.0.1
13 silly saveTree |   | | | | | | | | | +-- is-plain-object@2.0.4
13 silly saveTree |   | | | | | | | | | `-- split-string@3.1.0
13 silly saveTree |   | | | | | | | | |   `-- extend-shallow@3.0.2
13 silly saveTree |   | | | | | | | | |     +-- assign-symbols@1.0.0
13 silly saveTree |   | | | | | | | | |     `-- is-extendable@1.0.1
13 silly saveTree |   | | | | | | | | +-- to-object-path@0.3.0
13 silly saveTree |   | | | | | | | | | `-- kind-of@3.2.2
13 silly saveTree |   | | | | | | | | +-- union-value@1.0.0
13 silly saveTree |   | | | | | | | | | +-- arr-union@3.1.0
13 silly saveTree |   | | | | | | | | | `-- set-value@0.4.3
13 silly saveTree |   | | | | | | | | |   `-- extend-shallow@2.0.1
13 silly saveTree |   | | | | | | | | `-- unset-value@1.0.0
13 silly saveTree |   | | | | | | | |   `-- has-value@0.3.1
13 silly saveTree |   | | | | | | | |     +-- has-values@0.1.4
13 silly saveTree |   | | | | | | | |     `-- isobject@2.1.0
13 silly saveTree |   | | | | | | | +-- class-utils@0.3.6
13 silly saveTree |   | | | | | | | | +-- define-property@0.2.5
13 silly saveTree |   | | | | | | | | | `-- is-descriptor@0.1.6
13 silly saveTree |   | | | | | | | | |   +-- is-accessor-descriptor@0.1.6
13 silly saveTree |   | | | | | | | | |   | `-- kind-of@3.2.2
13 silly saveTree |   | | | | | | | | |   +-- is-data-descriptor@0.1.4
13 silly saveTree |   | | | | | | | | |   | `-- kind-of@3.2.2
13 silly saveTree |   | | | | | | | | |   `-- kind-of@5.1.0
13 silly saveTree |   | | | | | | | | `-- static-extend@0.1.2
13 silly saveTree |   | | | | | | | |   +-- define-property@0.2.5
13 silly saveTree |   | | | | | | | |   `-- object-copy@0.1.0
13 silly saveTree |   | | | | | | | |     +-- copy-descriptor@0.1.1
13 silly saveTree |   | | | | | | | |     +-- define-property@0.2.5
13 silly saveTree |   | | | | | | | |     `-- kind-of@3.2.2
13 silly saveTree |   | | | | | | | +-- component-emitter@1.2.1
13 silly saveTree |   | | | | | | | +-- define-property@1.0.0
13 silly saveTree |   | | | | | | | | `-- is-descriptor@1.0.2
13 silly saveTree |   | | | | | | | |   +-- is-accessor-descriptor@1.0.0
13 silly saveTree |   | | | | | | | |   `-- is-data-descriptor@1.0.0
13 silly saveTree |   | | | | | | | +-- mixin-deep@1.3.1
13 silly saveTree |   | | | | | | | | +-- for-in@1.0.2
13 silly saveTree |   | | | | | | | | `-- is-extendable@1.0.1
13 silly saveTree |   | | | | | | | `-- pascalcase@0.1.1
13 silly saveTree |   | | | | | | +-- debug@2.6.9
13 silly saveTree |   | | | | | | +-- define-property@0.2.5
13 silly saveTree |   | | | | | | +-- extend-shallow@2.0.1
13 silly saveTree |   | | | | | | +-- map-cache@0.2.2
13 silly saveTree |   | | | | | | +-- source-map-resolve@0.5.2
13 silly saveTree |   | | | | | | | +-- atob@2.1.1
13 silly saveTree |   | | | | | | | +-- decode-uri-component@0.2.0
13 silly saveTree |   | | | | | | | +-- resolve-url@0.2.1
13 silly saveTree |   | | | | | | | +-- source-map-url@0.4.0
13 silly saveTree |   | | | | | | | `-- urix@0.1.0
13 silly saveTree |   | | | | | | +-- source-map@0.5.7
13 silly saveTree |   | | | | | | `-- use@3.1.0
13 silly saveTree |   | | | | | +-- split-string@3.1.0
13 silly saveTree |   | | | | | `-- to-regex@3.0.2
13 silly saveTree |   | | | | |   +-- define-property@2.0.2
13 silly saveTree |   | | | | |   | `-- is-descriptor@1.0.2
13 silly saveTree |   | | | | |   |   +-- is-accessor-descriptor@1.0.0
13 silly saveTree |   | | | | |   |   `-- is-data-descriptor@1.0.0
13 silly saveTree |   | | | | |   +-- regex-not@1.0.2
13 silly saveTree |   | | | | |   | `-- safe-regex@1.1.0
13 silly saveTree |   | | | | |   |   `-- ret@0.1.15
13 silly saveTree |   | | | | |   `-- safe-regex@1.1.0
13 silly saveTree |   | | | | +-- define-property@2.0.2
13 silly saveTree |   | | | | +-- extend-shallow@3.0.2
13 silly saveTree |   | | | | +-- extglob@2.0.4
13 silly saveTree |   | | | | | +-- define-property@1.0.0
13 silly saveTree |   | | | | | | `-- is-descriptor@1.0.2
13 silly saveTree |   | | | | | |   +-- is-accessor-descriptor@1.0.0
13 silly saveTree |   | | | | | |   `-- is-data-descriptor@1.0.0
13 silly saveTree |   | | | | | +-- expand-brackets@2.1.4
13 silly saveTree |   | | | | | | +-- debug@2.6.9
13 silly saveTree |   | | | | | | +-- define-property@0.2.5
13 silly saveTree |   | | | | | | +-- extend-shallow@2.0.1
13 silly saveTree |   | | | | | | `-- posix-character-classes@0.1.1
13 silly saveTree |   | | | | | +-- extend-shallow@2.0.1
13 silly saveTree |   | | | | | `-- fragment-cache@0.2.1
13 silly saveTree |   | | | | +-- fragment-cache@0.2.1
13 silly saveTree |   | | | | +-- kind-of@6.0.2
13 silly saveTree |   | | | | +-- nanomatch@1.2.9
13 silly saveTree |   | | | | | +-- is-odd@2.0.0
13 silly saveTree |   | | | | | | `-- is-number@4.0.0
13 silly saveTree |   | | | | | `-- object.pick@1.3.0
13 silly saveTree |   | | | | +-- object.pick@1.3.0
13 silly saveTree |   | | | | +-- regex-not@1.0.2
13 silly saveTree |   | | | | +-- snapdragon@0.8.2
13 silly saveTree |   | | | | `-- to-regex@3.0.2
13 silly saveTree |   | | | `-- normalize-path@2.1.1
13 silly saveTree |   | | |   `-- remove-trailing-separator@1.1.0
13 silly saveTree |   | | +-- async-each@1.0.1
13 silly saveTree |   | | +-- braces@2.3.2
13 silly saveTree |   | | +-- fsevents@1.2.4
13 silly saveTree |   | | | +-- nan@2.10.0
13 silly saveTree |   | | | `-- node-pre-gyp@0.10.0
13 silly saveTree |   | | |   +-- detect-libc@1.0.3
13 silly saveTree |   | | |   +-- mkdirp@0.5.1
13 silly saveTree |   | | |   | `-- minimist@0.0.8
13 silly saveTree |   | | |   +-- needle@2.2.0
13 silly saveTree |   | | |   | +-- debug@2.6.9
13 silly saveTree |   | | |   | | `-- ms@2.0.0
13 silly saveTree |   | | |   | +-- iconv-lite@0.4.21
13 silly saveTree |   | | |   | | `-- safer-buffer@2.1.2
13 silly saveTree |   | | |   | `-- sax@1.2.4
13 silly saveTree |   | | |   +-- nopt@4.0.1
13 silly saveTree |   | | |   | +-- abbrev@1.1.1
13 silly saveTree |   | | |   | `-- osenv@0.1.5
13 silly saveTree |   | | |   |   +-- os-homedir@1.0.2
13 silly saveTree |   | | |   |   `-- os-tmpdir@1.0.2
13 silly saveTree |   | | |   +-- npm-packlist@1.1.10
13 silly saveTree |   | | |   | +-- ignore-walk@3.0.1
13 silly saveTree |   | | |   | | `-- minimatch@3.0.4
13 silly saveTree |   | | |   | |   `-- brace-expansion@1.1.11
13 silly saveTree |   | | |   | |     +-- balanced-match@1.0.0
13 silly saveTree |   | | |   | |     `-- concat-map@0.0.1
13 silly saveTree |   | | |   | `-- npm-bundled@1.0.3
13 silly saveTree |   | | |   +-- npmlog@4.1.2
13 silly saveTree |   | | |   | +-- are-we-there-yet@1.1.4
13 silly saveTree |   | | |   | | +-- delegates@1.0.0
13 silly saveTree |   | | |   | | `-- readable-stream@2.3.6
13 silly saveTree |   | | |   | |   +-- core-util-is@1.0.2
13 silly saveTree |   | | |   | |   +-- inherits@2.0.3
13 silly saveTree |   | | |   | |   +-- isarray@1.0.0
13 silly saveTree |   | | |   | |   +-- process-nextick-args@2.0.0
13 silly saveTree |   | | |   | |   +-- safe-buffer@5.1.1
13 silly saveTree |   | | |   | |   +-- string_decoder@1.1.1
13 silly saveTree |   | | |   | |   `-- util-deprecate@1.0.2
13 silly saveTree |   | | |   | +-- console-control-strings@1.1.0
13 silly saveTree |   | | |   | +-- gauge@2.7.4
13 silly saveTree |   | | |   | | +-- aproba@1.2.0
13 silly saveTree |   | | |   | | +-- has-unicode@2.0.1
13 silly saveTree |   | | |   | | +-- object-assign@4.1.1
13 silly saveTree |   | | |   | | +-- signal-exit@3.0.2
13 silly saveTree |   | | |   | | +-- string-width@1.0.2
13 silly saveTree |   | | |   | | | +-- code-point-at@1.1.0
13 silly saveTree |   | | |   | | | +-- is-fullwidth-code-point@1.0.0
13 silly saveTree |   | | |   | | | | `-- number-is-nan@1.0.1
13 silly saveTree |   | | |   | | | `-- strip-ansi@3.0.1
13 silly saveTree |   | | |   | | |   `-- ansi-regex@2.1.1
13 silly saveTree |   | | |   | | +-- strip-ansi@3.0.1
13 silly saveTree |   | | |   | | `-- wide-align@1.1.2
13 silly saveTree |   | | |   | `-- set-blocking@2.0.0
13 silly saveTree |   | | |   +-- rc@1.2.7
13 silly saveTree |   | | |   | +-- deep-extend@0.5.1
13 silly saveTree |   | | |   | +-- ini@1.3.5
13 silly saveTree |   | | |   | +-- minimist@1.2.0
13 silly saveTree |   | | |   | `-- strip-json-comments@2.0.1
13 silly saveTree |   | | |   +-- rimraf@2.6.2
13 silly saveTree |   | | |   | `-- glob@7.1.2
13 silly saveTree |   | | |   |   +-- fs.realpath@1.0.0
13 silly saveTree |   | | |   |   +-- inflight@1.0.6
13 silly saveTree |   | | |   |   | +-- once@1.4.0
13 silly saveTree |   | | |   |   | | `-- wrappy@1.0.2
13 silly saveTree |   | | |   |   | `-- wrappy@1.0.2
13 silly saveTree |   | | |   |   +-- once@1.4.0
13 silly saveTree |   | | |   |   `-- path-is-absolute@1.0.1
13 silly saveTree |   | | |   +-- semver@5.5.0
13 silly saveTree |   | | |   `-- tar@4.4.1
13 silly saveTree |   | | |     +-- chownr@1.0.1
13 silly saveTree |   | | |     +-- fs-minipass@1.2.5
13 silly saveTree |   | | |     | `-- minipass@2.2.4
13 silly saveTree |   | | |     |   `-- yallist@3.0.2
13 silly saveTree |   | | |     +-- minipass@2.2.4
13 silly saveTree |   | | |     +-- minizlib@1.1.0
13 silly saveTree |   | | |     `-- yallist@3.0.2
13 silly saveTree |   | | +-- glob-parent@3.1.0
13 silly saveTree |   | | | +-- is-glob@3.1.0
13 silly saveTree |   | | | | `-- is-extglob@2.1.1
13 silly saveTree |   | | | `-- path-dirname@1.0.2
13 silly saveTree |   | | +-- is-binary-path@1.0.1
13 silly saveTree |   | | | `-- binary-extensions@1.11.0
13 silly saveTree |   | | +-- is-glob@4.0.0
13 silly saveTree |   | | +-- normalize-path@2.1.1
13 silly saveTree |   | | +-- path-is-absolute@1.0.1
13 silly saveTree |   | | +-- readdirp@2.1.0
13 silly saveTree |   | | | `-- set-immediate-shim@1.0.1
13 silly saveTree |   | | `-- upath@1.1.0
13 silly saveTree |   | `-- neo-async@2.5.1
13 silly saveTree |   +-- webpack-sources@0.1.5
13 silly saveTree |   | `-- source-list-map@0.1.8
13 silly saveTree |   `-- yargs@4.8.1
13 silly saveTree |     +-- cliui@3.2.0
13 silly saveTree |     | `-- string-width@1.0.2
13 silly saveTree |     |   +-- code-point-at@1.1.0
13 silly saveTree |     |   `-- is-fullwidth-code-point@1.0.0
13 silly saveTree |     |     `-- number-is-nan@1.0.1
13 silly saveTree |     +-- get-caller-file@1.0.2
13 silly saveTree |     +-- lodash.assign@4.2.0
13 silly saveTree |     +-- os-locale@1.4.0
13 silly saveTree |     | `-- lcid@1.0.0
13 silly saveTree |     |   `-- invert-kv@1.0.0
13 silly saveTree |     +-- read-pkg-up@1.0.1
13 silly saveTree |     | +-- find-up@1.1.2
13 silly saveTree |     | | +-- path-exists@2.1.0
13 silly saveTree |     | | | `-- pinkie-promise@2.0.1
13 silly saveTree |     | | |   `-- pinkie@2.0.4
13 silly saveTree |     | | `-- pinkie-promise@2.0.1
13 silly saveTree |     | `-- read-pkg@1.1.0
13 silly saveTree |     |   +-- load-json-file@1.1.0
13 silly saveTree |     |   | +-- parse-json@2.2.0
13 silly saveTree |     |   | | `-- error-ex@1.3.1
13 silly saveTree |     |   | |   `-- is-arrayish@0.2.1
13 silly saveTree |     |   | +-- pify@2.3.0
13 silly saveTree |     |   | `-- strip-bom@2.0.0
13 silly saveTree |     |   |   `-- is-utf8@0.2.1
13 silly saveTree |     |   +-- normalize-package-data@2.4.0
13 silly saveTree |     |   | +-- hosted-git-info@2.6.0
13 silly saveTree |     |   | +-- is-builtin-module@1.0.0
13 silly saveTree |     |   | | `-- builtin-modules@1.1.1
13 silly saveTree |     |   | +-- semver@5.5.0
13 silly saveTree |     |   | `-- validate-npm-package-license@3.0.3
13 silly saveTree |     |   |   +-- spdx-correct@3.0.0
13 silly saveTree |     |   |   | +-- spdx-expression-parse@3.0.0
13 silly saveTree |     |   |   | | +-- spdx-exceptions@2.1.0
13 silly saveTree |     |   |   | | `-- spdx-license-ids@3.0.0
13 silly saveTree |     |   |   | `-- spdx-license-ids@3.0.0
13 silly saveTree |     |   |   `-- spdx-expression-parse@3.0.0
13 silly saveTree |     |   `-- path-type@1.1.0
13 silly saveTree |     |     `-- pify@2.3.0
13 silly saveTree |     +-- require-directory@2.1.1
13 silly saveTree |     +-- require-main-filename@1.0.1
13 silly saveTree |     +-- set-blocking@2.0.0
13 silly saveTree |     +-- string-width@1.0.2
13 silly saveTree |     +-- window-size@0.2.0
13 silly saveTree |     `-- yargs-parser@2.4.1
13 silly saveTree |       `-- camelcase@3.0.0
13 silly saveTree +-- laravel-elixir@6.0.0-18
13 silly saveTree | +-- chalk@2.4.1
13 silly saveTree | | +-- ansi-styles@3.2.1
13 silly saveTree | | | `-- color-convert@1.9.1
13 silly saveTree | | |   `-- color-name@1.1.3
13 silly saveTree | | `-- supports-color@5.4.0
13 silly saveTree | |   `-- has-flag@3.0.0
13 silly saveTree | +-- clean-css@3.4.28
13 silly saveTree | | +-- commander@2.8.1
13 silly saveTree | | | `-- graceful-readlink@1.0.1
13 silly saveTree | | `-- source-map@0.4.4
13 silly saveTree | |   `-- amdefine@1.0.1
13 silly saveTree | +-- cli-table@0.3.1
13 silly saveTree | | `-- colors@1.0.3
13 silly saveTree | +-- del@2.2.2
13 silly saveTree | | +-- globby@5.0.0
13 silly saveTree | | | +-- glob@7.1.2
13 silly saveTree | | | | +-- fs.realpath@1.0.0
13 silly saveTree | | | | +-- inflight@1.0.6
13 silly saveTree | | | | | `-- once@1.4.0
13 silly saveTree | | | | `-- once@1.4.0
13 silly saveTree | | | `-- pify@2.3.0
13 silly saveTree | | +-- is-path-cwd@1.0.0
13 silly saveTree | | +-- is-path-in-cwd@1.0.1
13 silly saveTree | | | `-- is-path-inside@1.0.1
13 silly saveTree | | |   `-- path-is-inside@1.0.2
13 silly saveTree | | +-- pify@2.3.0
13 silly saveTree | | `-- rimraf@2.6.2
13 silly saveTree | +-- glob@7.1.2
13 silly saveTree | +-- gulp-autoprefixer@3.1.1
13 silly saveTree | | +-- autoprefixer@6.7.7
13 silly saveTree | | | +-- browserslist@1.7.7
13 silly saveTree | | | | +-- caniuse-db@1.0.30000842
13 silly saveTree | | | | `-- electron-to-chromium@1.3.47
13 silly saveTree | | | +-- caniuse-db@1.0.30000842
13 silly saveTree | | | +-- normalize-range@0.1.2
13 silly saveTree | | | +-- num2fraction@1.2.2
13 silly saveTree | | | +-- postcss-value-parser@3.3.0
13 silly saveTree | | | `-- postcss@5.2.18
13 silly saveTree | | |   +-- chalk@1.1.3
13 silly saveTree | | |   | +-- ansi-styles@2.2.1
13 silly saveTree | | |   | `-- supports-color@2.0.0
13 silly saveTree | | |   +-- js-base64@2.4.5
13 silly saveTree | | |   +-- source-map@0.5.7
13 silly saveTree | | |   `-- supports-color@3.2.3
13 silly saveTree | | |     `-- has-flag@1.0.0
13 silly saveTree | | +-- postcss@5.2.18
13 silly saveTree | | +-- through2@2.0.3
13 silly saveTree | | `-- vinyl-sourcemaps-apply@0.2.1
13 silly saveTree | |   `-- source-map@0.5.7
13 silly saveTree | +-- gulp-batch@1.0.5
13 silly saveTree | | +-- async-done@1.3.1
13 silly saveTree | | | +-- end-of-stream@1.4.1
13 silly saveTree | | | +-- process-nextick-args@1.0.7
13 silly saveTree | | | `-- stream-exhaust@1.0.2
13 silly saveTree | | `-- stream-array@1.1.2
13 silly saveTree | |   `-- readable-stream@2.1.5
13 silly saveTree | |     +-- buffer-shims@1.0.0
13 silly saveTree | |     +-- process-nextick-args@1.0.7
13 silly saveTree | |     `-- string_decoder@0.10.31
13 silly saveTree | +-- gulp-concat@2.6.1
13 silly saveTree | | +-- concat-with-sourcemaps@1.1.0
13 silly saveTree | | | `-- source-map@0.6.1
13 silly saveTree | | +-- through2@2.0.3
13 silly saveTree | | `-- vinyl@2.1.0
13 silly saveTree | |   +-- clone-buffer@1.0.0
13 silly saveTree | |   +-- clone-stats@1.0.0
13 silly saveTree | |   +-- clone@2.1.1
13 silly saveTree | |   +-- cloneable-readable@1.1.2
13 silly saveTree | |   `-- replace-ext@1.0.0
13 silly saveTree | +-- gulp-if@2.0.2
13 silly saveTree | | +-- gulp-match@1.0.3
13 silly saveTree | | +-- ternary-stream@2.0.1
13 silly saveTree | | | +-- duplexify@3.6.0
13 silly saveTree | | | | `-- stream-shift@1.0.0
13 silly saveTree | | | +-- fork-stream@0.0.4
13 silly saveTree | | | +-- merge-stream@1.0.1
13 silly saveTree | | | `-- through2@2.0.3
13 silly saveTree | | `-- through2@2.0.3
13 silly saveTree | +-- gulp-less@3.5.0
13 silly saveTree | | +-- accord@0.28.0
13 silly saveTree | | | +-- convert-source-map@1.5.1
13 silly saveTree | | | +-- indx@0.2.3
13 silly saveTree | | | +-- lodash.clone@4.5.0
13 silly saveTree | | | +-- lodash.defaults@4.2.0
13 silly saveTree | | | +-- lodash.flatten@4.4.0
13 silly saveTree | | | +-- lodash.merge@4.6.1
13 silly saveTree | | | +-- lodash.partialright@4.2.1
13 silly saveTree | | | +-- lodash.pick@4.4.0
13 silly saveTree | | | +-- lodash.uniq@4.5.0
13 silly saveTree | | | +-- resolve@1.7.1
13 silly saveTree | | | | `-- path-parse@1.0.5
13 silly saveTree | | | `-- uglify-js@2.8.29
13 silly saveTree | | |   +-- source-map@0.5.7
13 silly saveTree | | |   `-- yargs@3.10.0
13 silly saveTree | | |     +-- camelcase@1.2.1
13 silly saveTree | | |     `-- cliui@2.1.0
13 silly saveTree | | +-- less@2.7.3
13 silly saveTree | | | +-- image-size@0.5.5
13 silly saveTree | | | +-- mime@1.4.1
13 silly saveTree | | | +-- promise@7.3.1
13 silly saveTree | | | | `-- asap@2.0.6
13 silly saveTree | | | +-- request@2.81.0
13 silly saveTree | | | | +-- aws-sign2@0.6.0
13 silly saveTree | | | | +-- aws4@1.7.0
13 silly saveTree | | | | +-- caseless@0.12.0
13 silly saveTree | | | | +-- combined-stream@1.0.6
13 silly saveTree | | | | | `-- delayed-stream@1.0.0
13 silly saveTree | | | | +-- extend@3.0.1
13 silly saveTree | | | | +-- forever-agent@0.6.1
13 silly saveTree | | | | +-- form-data@2.1.4
13 silly saveTree | | | | | +-- asynckit@0.4.0
13 silly saveTree | | | | | `-- mime-types@2.1.18
13 silly saveTree | | | | |   `-- mime-db@1.33.0
13 silly saveTree | | | | +-- har-validator@4.2.1
13 silly saveTree | | | | | +-- ajv@4.11.8
13 silly saveTree | | | | | | +-- co@4.6.0
13 silly saveTree | | | | | | `-- json-stable-stringify@1.0.1
13 silly saveTree | | | | | |   `-- jsonify@0.0.0
13 silly saveTree | | | | | `-- har-schema@1.0.5
13 silly saveTree | | | | +-- hawk@3.1.3
13 silly saveTree | | | | | +-- boom@2.10.1
13 silly saveTree | | | | | | `-- hoek@2.16.3
13 silly saveTree | | | | | +-- cryptiles@2.0.5
13 silly saveTree | | | | | +-- hoek@2.16.3
13 silly saveTree | | | | | `-- sntp@1.0.9
13 silly saveTree | | | | +-- http-signature@1.1.1
13 silly saveTree | | | | | +-- assert-plus@0.2.0
13 silly saveTree | | | | | +-- jsprim@1.4.1
13 silly saveTree | | | | | | +-- assert-plus@1.0.0
13 silly saveTree | | | | | | +-- extsprintf@1.3.0
13 silly saveTree | | | | | | +-- json-schema@0.2.3
13 silly saveTree | | | | | | `-- verror@1.10.0
13 silly saveTree | | | | | |   `-- assert-plus@1.0.0
13 silly saveTree | | | | | `-- sshpk@1.14.1
13 silly saveTree | | | | |   +-- asn1@0.2.3
13 silly saveTree | | | | |   +-- assert-plus@1.0.0
13 silly saveTree | | | | |   +-- bcrypt-pbkdf@1.0.1
13 silly saveTree | | | | |   | `-- tweetnacl@0.14.5
13 silly saveTree | | | | |   +-- dashdash@1.14.1
13 silly saveTree | | | | |   | `-- assert-plus@1.0.0
13 silly saveTree | | | | |   +-- ecc-jsbn@0.1.1
13 silly saveTree | | | | |   | `-- jsbn@0.1.1
13 silly saveTree | | | | |   +-- getpass@0.1.7
13 silly saveTree | | | | |   | `-- assert-plus@1.0.0
13 silly saveTree | | | | |   +-- jsbn@0.1.1
13 silly saveTree | | | | |   `-- tweetnacl@0.14.5
13 silly saveTree | | | | +-- is-typedarray@1.0.0
13 silly saveTree | | | | +-- isstream@0.1.2
13 silly saveTree | | | | +-- json-stringify-safe@5.0.1
13 silly saveTree | | | | +-- mime-types@2.1.18
13 silly saveTree | | | | +-- oauth-sign@0.8.2
13 silly saveTree | | | | +-- performance-now@0.2.0
13 silly saveTree | | | | +-- qs@6.4.0
13 silly saveTree | | | | +-- stringstream@0.0.6
13 silly saveTree | | | | +-- tough-cookie@2.3.4
13 silly saveTree | | | | +-- tunnel-agent@0.6.0
13 silly saveTree | | | | `-- uuid@3.2.1
13 silly saveTree | | | `-- source-map@0.5.7
13 silly saveTree | | +-- plugin-error@0.1.2
13 silly saveTree | | | +-- ansi-cyan@0.1.1
13 silly saveTree | | | +-- ansi-red@0.1.1
13 silly saveTree | | | +-- arr-diff@1.1.0
13 silly saveTree | | | | `-- array-slice@0.2.3
13 silly saveTree | | | +-- arr-union@2.1.0
13 silly saveTree | | | `-- extend-shallow@1.1.4
13 silly saveTree | | |   `-- kind-of@1.1.0
13 silly saveTree | | `-- through2@2.0.3
13 silly saveTree | +-- gulp-load-plugins@1.5.0
13 silly saveTree | | +-- array-unique@0.2.1
13 silly saveTree | | +-- findup-sync@0.4.3
13 silly saveTree | | | +-- detect-file@0.1.0
13 silly saveTree | | | | `-- fs-exists-sync@0.1.0
13 silly saveTree | | | +-- is-glob@2.0.1
13 silly saveTree | | | | `-- is-extglob@1.0.0
13 silly saveTree | | | +-- micromatch@2.3.11
13 silly saveTree | | | | +-- arr-diff@2.0.0
13 silly saveTree | | | | +-- braces@1.8.5
13 silly saveTree | | | | | +-- expand-range@1.8.2
13 silly saveTree | | | | | | `-- fill-range@2.2.4
13 silly saveTree | | | | | |   +-- is-number@2.1.0
13 silly saveTree | | | | | |   | `-- kind-of@3.2.2
13 silly saveTree | | | | | |   +-- isobject@2.1.0
13 silly saveTree | | | | | |   `-- randomatic@3.0.0
13 silly saveTree | | | | | |     +-- is-number@4.0.0
13 silly saveTree | | | | | |     `-- math-random@1.0.1
13 silly saveTree | | | | | `-- preserve@0.2.0
13 silly saveTree | | | | +-- expand-brackets@0.1.5
13 silly saveTree | | | | | `-- is-posix-bracket@0.1.1
13 silly saveTree | | | | +-- extglob@0.3.2
13 silly saveTree | | | | +-- filename-regex@2.0.1
13 silly saveTree | | | | +-- kind-of@3.2.2
13 silly saveTree | | | | +-- object.omit@2.0.1
13 silly saveTree | | | | | `-- for-own@0.1.5
13 silly saveTree | | | | +-- parse-glob@3.0.4
13 silly saveTree | | | | | +-- glob-base@0.3.0
13 silly saveTree | | | | | | +-- glob-parent@2.0.0
13 silly saveTree | | | | | | | `-- is-glob@2.0.1
13 silly saveTree | | | | | | |   `-- is-extglob@1.0.0
13 silly saveTree | | | | | | `-- is-glob@2.0.1
13 silly saveTree | | | | | +-- is-dotfile@1.0.3
13 silly saveTree | | | | | +-- is-extglob@1.0.0
13 silly saveTree | | | | | `-- is-glob@2.0.1
13 silly saveTree | | | | `-- regex-cache@0.4.4
13 silly saveTree | | | |   `-- is-equal-shallow@0.1.3
13 silly saveTree | | | |     `-- is-primitive@2.0.0
13 silly saveTree | | | `-- resolve-dir@0.1.1
13 silly saveTree | | |   +-- expand-tilde@1.2.2
13 silly saveTree | | |   `-- global-modules@0.2.3
13 silly saveTree | | |     +-- global-prefix@0.1.5
13 silly saveTree | | |     | +-- homedir-polyfill@1.0.1
13 silly saveTree | | |     | | `-- parse-passwd@1.0.0
13 silly saveTree | | |     | +-- ini@1.3.5
13 silly saveTree | | |     | `-- is-windows@0.2.0
13 silly saveTree | | |     `-- is-windows@0.2.0
13 silly saveTree | | `-- micromatch@2.3.11
13 silly saveTree | +-- gulp-notify@2.2.0
13 silly saveTree | | +-- node-notifier@4.6.1
13 silly saveTree | | | +-- cli-usage@0.1.7
13 silly saveTree | | | | +-- marked-terminal@2.0.0
13 silly saveTree | | | | | +-- cardinal@1.0.0
13 silly saveTree | | | | | | +-- ansicolors@0.2.1
13 silly saveTree | | | | | | `-- redeyed@1.0.1
13 silly saveTree | | | | | |   `-- esprima@3.0.0
13 silly saveTree | | | | | +-- chalk@1.1.3
13 silly saveTree | | | | | | +-- ansi-styles@2.2.1
13 silly saveTree | | | | | | `-- supports-color@2.0.0
13 silly saveTree | | | | | `-- node-emoji@1.8.1
13 silly saveTree | | | | |   `-- lodash.toarray@4.4.0
13 silly saveTree | | | | `-- marked@0.3.19
13 silly saveTree | | | +-- growly@1.3.0
13 silly saveTree | | | +-- lodash.clonedeep@3.0.2
13 silly saveTree | | | | +-- lodash._baseclone@3.3.0
13 silly saveTree | | | | | +-- lodash._arraycopy@3.0.0
13 silly saveTree | | | | | +-- lodash._arrayeach@3.0.0
13 silly saveTree | | | | | +-- lodash._baseassign@3.2.0
13 silly saveTree | | | | | `-- lodash._basefor@3.0.3
13 silly saveTree | | | | `-- lodash._bindcallback@3.0.1
13 silly saveTree | | | +-- minimist@1.2.0
13 silly saveTree | | | `-- shellwords@0.1.1
13 silly saveTree | | +-- node.extend@1.1.6
13 silly saveTree | | | `-- is@3.2.1
13 silly saveTree | | `-- through2@0.6.5
13 silly saveTree | |   `-- readable-stream@1.0.34
13 silly saveTree | |     +-- isarray@0.0.1
13 silly saveTree | |     `-- string_decoder@0.10.31
13 silly saveTree | +-- gulp-rename@1.2.3
13 silly saveTree | +-- gulp-rev-replace@0.4.4
13 silly saveTree | | `-- through2@2.0.3
13 silly saveTree | +-- gulp-rev@7.1.2
13 silly saveTree | | +-- modify-filename@1.1.0
13 silly saveTree | | +-- rev-hash@1.0.0
13 silly saveTree | | +-- rev-path@1.0.0
13 silly saveTree | | +-- sort-keys@1.1.2
13 silly saveTree | | | `-- is-plain-obj@1.1.0
13 silly saveTree | | +-- through2@2.0.3
13 silly saveTree | | `-- vinyl-file@1.3.0
13 silly saveTree | |   +-- strip-bom-stream@1.0.0
13 silly saveTree | |   | `-- first-chunk-stream@1.0.0
13 silly saveTree | |   `-- vinyl@1.2.0
13 silly saveTree | |     `-- replace-ext@0.0.1
13 silly saveTree | +-- gulp-sass@3.2.1
13 silly saveTree | | +-- lodash.clonedeep@4.5.0
13 silly saveTree | | +-- node-sass@4.9.0
13 silly saveTree | | | +-- async-foreach@0.1.3
13 silly saveTree | | | +-- chalk@1.1.3
13 silly saveTree | | | | +-- ansi-styles@2.2.1
13 silly saveTree | | | | `-- supports-color@2.0.0
13 silly saveTree | | | +-- cross-spawn@3.0.1
13 silly saveTree | | | +-- gaze@1.1.2
13 silly saveTree | | | | `-- globule@1.2.0
13 silly saveTree | | | +-- get-stdin@4.0.1
13 silly saveTree | | | +-- in-publish@2.0.0
13 silly saveTree | | | +-- lodash.mergewith@4.6.1
13 silly saveTree | | | +-- meow@3.7.0
13 silly saveTree | | | | +-- camelcase-keys@2.1.0
13 silly saveTree | | | | | +-- camelcase@2.1.1
13 silly saveTree | | | | | `-- map-obj@1.0.1
13 silly saveTree | | | | +-- loud-rejection@1.6.0
13 silly saveTree | | | | | +-- currently-unhandled@0.4.1
13 silly saveTree | | | | | | `-- array-find-index@1.0.2
13 silly saveTree | | | | | `-- signal-exit@3.0.2
13 silly saveTree | | | | +-- map-obj@1.0.1
13 silly saveTree | | | | +-- minimist@1.2.0
13 silly saveTree | | | | +-- redent@1.0.0
13 silly saveTree | | | | | +-- indent-string@2.1.0
13 silly saveTree | | | | | | `-- repeating@2.0.1
13 silly saveTree | | | | | |   `-- is-finite@1.0.2
13 silly saveTree | | | | | `-- strip-indent@1.0.1
13 silly saveTree | | | | `-- trim-newlines@1.0.0
13 silly saveTree | | | +-- node-gyp@3.6.2
13 silly saveTree | | | | +-- fstream@1.0.11
13 silly saveTree | | | | +-- nopt@3.0.6
13 silly saveTree | | | | | `-- abbrev@1.1.1
13 silly saveTree | | | | +-- npmlog@4.1.2
13 silly saveTree | | | | | +-- are-we-there-yet@1.1.4
13 silly saveTree | | | | | | `-- delegates@1.0.0
13 silly saveTree | | | | | +-- console-control-strings@1.1.0
13 silly saveTree | | | | | `-- gauge@2.7.4
13 silly saveTree | | | | |   +-- aproba@1.2.0
13 silly saveTree | | | | |   +-- has-unicode@2.0.1
13 silly saveTree | | | | |   `-- string-width@1.0.2
13 silly saveTree | | | | |     `-- is-fullwidth-code-point@1.0.0
13 silly saveTree | | | | +-- osenv@0.1.5
13 silly saveTree | | | | | `-- os-tmpdir@1.0.2
13 silly saveTree | | | | +-- request@2.79.0
13 silly saveTree | | | | | +-- caseless@0.11.0
13 silly saveTree | | | | | +-- har-validator@2.0.6
13 silly saveTree | | | | | | +-- chalk@1.1.3
13 silly saveTree | | | | | | | +-- ansi-styles@2.2.1
13 silly saveTree | | | | | | | `-- supports-color@2.0.0
13 silly saveTree | | | | | | +-- commander@2.15.1
13 silly saveTree | | | | | | `-- is-my-json-valid@2.17.2
13 silly saveTree | | | | | |   +-- generate-function@2.0.0
13 silly saveTree | | | | | |   +-- generate-object-property@1.2.0
13 silly saveTree | | | | | |   | `-- is-property@1.0.2
13 silly saveTree | | | | | |   +-- is-my-ip-valid@1.0.0
13 silly saveTree | | | | | |   `-- jsonpointer@4.0.1
13 silly saveTree | | | | | +-- qs@6.3.2
13 silly saveTree | | | | | `-- tunnel-agent@0.4.3
13 silly saveTree | | | | +-- semver@5.3.0
13 silly saveTree | | | | `-- tar@2.2.1
13 silly saveTree | | | |   `-- block-stream@0.0.9
13 silly saveTree | | | +-- npmlog@4.1.2
13 silly saveTree | | | +-- request@2.79.0
13 silly saveTree | | | +-- sass-graph@2.2.4
13 silly saveTree | | | | +-- scss-tokenizer@0.2.3
13 silly saveTree | | | | | `-- source-map@0.4.4
13 silly saveTree | | | | `-- yargs@7.1.0
13 silly saveTree | | | |   +-- camelcase@3.0.0
13 silly saveTree | | | |   +-- cliui@3.2.0
13 silly saveTree | | | |   | `-- string-width@1.0.2
13 silly saveTree | | | |   |   `-- is-fullwidth-code-point@1.0.0
13 silly saveTree | | | |   `-- string-width@1.0.2
13 silly saveTree | | | |     `-- is-fullwidth-code-point@1.0.0
13 silly saveTree | | | +-- stdout-stream@1.4.0
13 silly saveTree | | | `-- true-case-path@1.0.2
13 silly saveTree | | |   `-- glob@6.0.4
13 silly saveTree | | `-- through2@2.0.3
13 silly saveTree | +-- gulp-shell@0.5.2
13 silly saveTree | | +-- async@1.5.2
13 silly saveTree | | `-- through2@2.0.3
13 silly saveTree | +-- gulp-sourcemaps@1.6.0
13 silly saveTree | | `-- through2@2.0.3
13 silly saveTree | +-- gulp-uglify@1.5.4
13 silly saveTree | | +-- deap@1.0.1
13 silly saveTree | | +-- isobject@2.1.0
13 silly saveTree | | +-- through2@2.0.3
13 silly saveTree | | +-- uglify-js@2.6.4
13 silly saveTree | | | +-- async@0.2.10
13 silly saveTree | | | +-- source-map@0.5.7
13 silly saveTree | | | `-- yargs@3.10.0
13 silly saveTree | | |   +-- camelcase@1.2.1
13 silly saveTree | | |   `-- cliui@2.1.0
13 silly saveTree | | `-- uglify-save-license@0.4.1
13 silly saveTree | +-- minimist@1.2.0
13 silly saveTree | +-- parse-filepath@1.0.2
13 silly saveTree | | +-- is-absolute@1.0.0
13 silly saveTree | | | `-- is-relative@1.0.0
13 silly saveTree | | |   `-- is-unc-path@1.0.0
13 silly saveTree | | |     `-- unc-path-regex@0.1.2
13 silly saveTree | | `-- path-root@0.1.1
13 silly saveTree | |   `-- path-root-regex@0.1.2
13 silly saveTree | +-- path@0.12.7
13 silly saveTree | +-- q@1.5.1
13 silly saveTree | +-- replace-ext@1.0.0
13 silly saveTree | +-- require-dir@0.3.2
13 silly saveTree | +-- run-sequence@1.2.2
13 silly saveTree | +-- underscore@1.9.0
13 silly saveTree | `-- vinyl-map2@1.2.1
13 silly saveTree |   +-- bl@1.2.2
13 silly saveTree |   +-- new-from@0.0.3
13 silly saveTree |   | `-- readable-stream@1.1.14
13 silly saveTree |   |   +-- isarray@0.0.1
13 silly saveTree |   |   `-- string_decoder@0.10.31
13 silly saveTree |   `-- through2@2.0.3
13 silly saveTree +-- laravel-mix@2.1.11
13 silly saveTree | +-- autoprefixer@7.2.6
13 silly saveTree | | +-- browserslist@2.11.3
13 silly saveTree | | | `-- caniuse-lite@1.0.30000842
13 silly saveTree | | +-- caniuse-lite@1.0.30000842
13 silly saveTree | | `-- postcss@6.0.22
13 silly saveTree | +-- babel-core@6.26.3
13 silly saveTree | | +-- babel-code-frame@6.26.0
13 silly saveTree | | | +-- chalk@1.1.3
13 silly saveTree | | | | +-- ansi-styles@2.2.1
13 silly saveTree | | | | `-- supports-color@2.0.0
13 silly saveTree | | | +-- esutils@2.0.2
13 silly saveTree | | | `-- js-tokens@3.0.2
13 silly saveTree | | +-- babel-generator@6.26.1
13 silly saveTree | | | +-- babel-messages@6.23.0
13 silly saveTree | | | | `-- babel-runtime@6.26.0
13 silly saveTree | | | |   +-- core-js@2.5.6
13 silly saveTree | | | |   `-- regenerator-runtime@0.11.1
13 silly saveTree | | | +-- babel-runtime@6.26.0
13 silly saveTree | | | +-- babel-types@6.26.0
13 silly saveTree | | | | `-- to-fast-properties@1.0.3
13 silly saveTree | | | +-- detect-indent@4.0.0
13 silly saveTree | | | +-- jsesc@1.3.0
13 silly saveTree | | | +-- source-map@0.5.7
13 silly saveTree | | | `-- trim-right@1.0.1
13 silly saveTree | | +-- babel-helpers@6.24.1
13 silly saveTree | | | `-- babel-template@6.26.0
13 silly saveTree | | |   +-- babel-traverse@6.26.0
13 silly saveTree | | |   | +-- babylon@6.18.0
13 silly saveTree | | |   | +-- debug@2.6.9
13 silly saveTree | | |   | +-- globals@9.18.0
13 silly saveTree | | |   | `-- invariant@2.2.4
13 silly saveTree | | |   |   `-- loose-envify@1.3.1
13 silly saveTree | | |   `-- babylon@6.18.0
13 silly saveTree | | +-- babel-messages@6.23.0
13 silly saveTree | | +-- babel-register@6.26.0
13 silly saveTree | | | +-- home-or-tmp@2.0.0
13 silly saveTree | | | `-- source-map-support@0.4.18
13 silly saveTree | | |   `-- source-map@0.5.7
13 silly saveTree | | +-- babel-runtime@6.26.0
13 silly saveTree | | +-- babel-template@6.26.0
13 silly saveTree | | +-- babel-traverse@6.26.0
13 silly saveTree | | +-- babel-types@6.26.0
13 silly saveTree | | +-- babylon@6.18.0
13 silly saveTree | | +-- debug@2.6.9
13 silly saveTree | | +-- private@0.1.8
13 silly saveTree | | +-- slash@1.0.0
13 silly saveTree | | `-- source-map@0.5.7
13 silly saveTree | +-- babel-loader@7.1.4
13 silly saveTree | | +-- find-cache-dir@1.0.0
13 silly saveTree | | | +-- commondir@1.0.1
13 silly saveTree | | | +-- make-dir@1.3.0
13 silly saveTree | | | | `-- pify@3.0.0
13 silly saveTree | | | `-- pkg-dir@2.0.0
13 silly saveTree | | |   `-- find-up@2.1.0
13 silly saveTree | | |     `-- locate-path@2.0.0
13 silly saveTree | | |       +-- p-locate@2.0.0
13 silly saveTree | | |       | `-- p-limit@1.2.0
13 silly saveTree | | |       |   `-- p-try@1.0.0
13 silly saveTree | | |       `-- path-exists@3.0.0
13 silly saveTree | | `-- loader-utils@1.1.0
13 silly saveTree | +-- babel-plugin-transform-object-rest-spread@6.26.0
13 silly saveTree | | `-- babel-plugin-syntax-object-rest-spread@6.13.0
13 silly saveTree | +-- babel-plugin-transform-runtime@6.23.0
13 silly saveTree | +-- babel-preset-env@1.7.0
13 silly saveTree | | +-- babel-plugin-check-es2015-constants@6.22.0
13 silly saveTree | | +-- babel-plugin-syntax-trailing-function-commas@6.22.0
13 silly saveTree | | +-- babel-plugin-transform-async-to-generator@6.24.1
13 silly saveTree | | | +-- babel-helper-remap-async-to-generator@6.24.1
13 silly saveTree | | | | `-- babel-helper-function-name@6.24.1
13 silly saveTree | | | |   `-- babel-helper-get-function-arity@6.24.1
13 silly saveTree | | | `-- babel-plugin-syntax-async-functions@6.13.0
13 silly saveTree | | +-- babel-plugin-transform-es2015-arrow-functions@6.22.0
13 silly saveTree | | +-- babel-plugin-transform-es2015-block-scoped-functions@6.22.0
13 silly saveTree | | +-- babel-plugin-transform-es2015-block-scoping@6.26.0
13 silly saveTree | | +-- babel-plugin-transform-es2015-classes@6.24.1
13 silly saveTree | | | +-- babel-helper-define-map@6.26.0
13 silly saveTree | | | +-- babel-helper-optimise-call-expression@6.24.1
13 silly saveTree | | | `-- babel-helper-replace-supers@6.24.1
13 silly saveTree | | +-- babel-plugin-transform-es2015-computed-properties@6.24.1
13 silly saveTree | | +-- babel-plugin-transform-es2015-destructuring@6.23.0
13 silly saveTree | | +-- babel-plugin-transform-es2015-duplicate-keys@6.24.1
13 silly saveTree | | +-- babel-plugin-transform-es2015-for-of@6.23.0
13 silly saveTree | | +-- babel-plugin-transform-es2015-function-name@6.24.1
13 silly saveTree | | +-- babel-plugin-transform-es2015-literals@6.22.0
13 silly saveTree | | +-- babel-plugin-transform-es2015-modules-amd@6.24.1
13 silly saveTree | | | `-- babel-plugin-transform-es2015-modules-commonjs@6.26.2
13 silly saveTree | | |   `-- babel-plugin-transform-strict-mode@6.24.1
13 silly saveTree | | +-- babel-plugin-transform-es2015-modules-commonjs@6.26.2
13 silly saveTree | | +-- babel-plugin-transform-es2015-modules-systemjs@6.24.1
13 silly saveTree | | | `-- babel-helper-hoist-variables@6.24.1
13 silly saveTree | | +-- babel-plugin-transform-es2015-modules-umd@6.24.1
13 silly saveTree | | +-- babel-plugin-transform-es2015-object-super@6.24.1
13 silly saveTree | | +-- babel-plugin-transform-es2015-parameters@6.24.1
13 silly saveTree | | | `-- babel-helper-call-delegate@6.24.1
13 silly saveTree | | +-- babel-plugin-transform-es2015-shorthand-properties@6.24.1
13 silly saveTree | | +-- babel-plugin-transform-es2015-spread@6.22.0
13 silly saveTree | | +-- babel-plugin-transform-es2015-sticky-regex@6.24.1
13 silly saveTree | | | `-- babel-helper-regex@6.26.0
13 silly saveTree | | +-- babel-plugin-transform-es2015-template-literals@6.22.0
13 silly saveTree | | +-- babel-plugin-transform-es2015-typeof-symbol@6.23.0
13 silly saveTree | | +-- babel-plugin-transform-es2015-unicode-regex@6.24.1
13 silly saveTree | | | `-- regexpu-core@2.0.0
13 silly saveTree | | |   +-- regenerate@1.4.0
13 silly saveTree | | |   +-- regjsgen@0.2.0
13 silly saveTree | | |   `-- regjsparser@0.1.5
13 silly saveTree | | |     `-- jsesc@0.5.0
13 silly saveTree | | +-- babel-plugin-transform-exponentiation-operator@6.24.1
13 silly saveTree | | | +-- babel-helper-builder-binary-assignment-operator-visitor@6.24.1
13 silly saveTree | | | | `-- babel-helper-explode-assignable-expression@6.24.1
13 silly saveTree | | | `-- babel-plugin-syntax-exponentiation-operator@6.13.0
13 silly saveTree | | +-- babel-plugin-transform-regenerator@6.26.0
13 silly saveTree | | | `-- regenerator-transform@0.10.1
13 silly saveTree | | `-- browserslist@3.2.7
13 silly saveTree | +-- clean-css@4.1.11
13 silly saveTree | | `-- source-map@0.5.7
13 silly saveTree | +-- concatenate@0.0.2
13 silly saveTree | | `-- globs@0.1.4
13 silly saveTree | +-- css-loader@0.28.11
13 silly saveTree | | +-- css-selector-tokenizer@0.7.0
13 silly saveTree | | | +-- cssesc@0.1.0
13 silly saveTree | | | +-- fastparse@1.1.1
13 silly saveTree | | | `-- regexpu-core@1.0.0
13 silly saveTree | | +-- cssnano@3.10.0
13 silly saveTree | | | +-- autoprefixer@6.7.7
13 silly saveTree | | | | +-- browserslist@1.7.7
13 silly saveTree | | | | `-- postcss@5.2.18
13 silly saveTree | | | |   +-- chalk@1.1.3
13 silly saveTree | | | |   | +-- ansi-styles@2.2.1
13 silly saveTree | | | |   | `-- supports-color@2.0.0
13 silly saveTree | | | |   +-- source-map@0.5.7
13 silly saveTree | | | |   `-- supports-color@3.2.3
13 silly saveTree | | | |     `-- has-flag@1.0.0
13 silly saveTree | | | +-- defined@1.0.0
13 silly saveTree | | | +-- has@1.0.1
13 silly saveTree | | | | `-- function-bind@1.1.1
13 silly saveTree | | | +-- postcss-calc@5.3.1
13 silly saveTree | | | | +-- postcss-message-helpers@2.0.0
13 silly saveTree | | | | +-- postcss@5.2.18
13 silly saveTree | | | | | +-- chalk@1.1.3
13 silly saveTree | | | | | | +-- ansi-styles@2.2.1
13 silly saveTree | | | | | | `-- supports-color@2.0.0
13 silly saveTree | | | | | +-- source-map@0.5.7
13 silly saveTree | | | | | `-- supports-color@3.2.3
13 silly saveTree | | | | |   `-- has-flag@1.0.0
13 silly saveTree | | | | `-- reduce-css-calc@1.3.0
13 silly saveTree | | | |   +-- balanced-match@0.4.2
13 silly saveTree | | | |   +-- math-expression-evaluator@1.2.17
13 silly saveTree | | | |   `-- reduce-function-call@1.0.2
13 silly saveTree | | | |     `-- balanced-match@0.4.2
13 silly saveTree | | | +-- postcss-colormin@2.2.2
13 silly saveTree | | | | +-- colormin@1.1.2
13 silly saveTree | | | | | +-- color@0.11.4
13 silly saveTree | | | | | | `-- color-string@0.3.0
13 silly saveTree | | | | | `-- css-color-names@0.0.4
13 silly saveTree | | | | `-- postcss@5.2.18
13 silly saveTree | | | |   +-- chalk@1.1.3
13 silly saveTree | | | |   | +-- ansi-styles@2.2.1
13 silly saveTree | | | |   | `-- supports-color@2.0.0
13 silly saveTree | | | |   +-- source-map@0.5.7
13 silly saveTree | | | |   `-- supports-color@3.2.3
13 silly saveTree | | | |     `-- has-flag@1.0.0
13 silly saveTree | | | +-- postcss-convert-values@2.6.1
13 silly saveTree | | | | `-- postcss@5.2.18
13 silly saveTree | | | |   +-- chalk@1.1.3
13 silly saveTree | | | |   | +-- ansi-styles@2.2.1
13 silly saveTree | | | |   | `-- supports-color@2.0.0
13 silly saveTree | | | |   +-- source-map@0.5.7
13 silly saveTree | | | |   `-- supports-color@3.2.3
13 silly saveTree | | | |     `-- has-flag@1.0.0
13 silly saveTree | | | +-- postcss-discard-comments@2.0.4
13 silly saveTree | | | | `-- postcss@5.2.18
13 silly saveTree | | | |   +-- chalk@1.1.3
13 silly saveTree | | | |   | +-- ansi-styles@2.2.1
13 silly saveTree | | | |   | `-- supports-color@2.0.0
13 silly saveTree | | | |   +-- source-map@0.5.7
13 silly saveTree | | | |   `-- supports-color@3.2.3
13 silly saveTree | | | |     `-- has-flag@1.0.0
13 silly saveTree | | | +-- postcss-discard-duplicates@2.1.0
13 silly saveTree | | | | `-- postcss@5.2.18
13 silly saveTree | | | |   +-- chalk@1.1.3
13 silly saveTree | | | |   | +-- ansi-styles@2.2.1
13 silly saveTree | | | |   | `-- supports-color@2.0.0
13 silly saveTree | | | |   +-- source-map@0.5.7
13 silly saveTree | | | |   `-- supports-color@3.2.3
13 silly saveTree | | | |     `-- has-flag@1.0.0
13 silly saveTree | | | +-- postcss-discard-empty@2.1.0
13 silly saveTree | | | | `-- postcss@5.2.18
13 silly saveTree | | | |   +-- chalk@1.1.3
13 silly saveTree | | | |   | +-- ansi-styles@2.2.1
13 silly saveTree | | | |   | `-- supports-color@2.0.0
13 silly saveTree | | | |   +-- source-map@0.5.7
13 silly saveTree | | | |   `-- supports-color@3.2.3
13 silly saveTree | | | |     `-- has-flag@1.0.0
13 silly saveTree | | | +-- postcss-discard-overridden@0.1.1
13 silly saveTree | | | | `-- postcss@5.2.18
13 silly saveTree | | | |   +-- chalk@1.1.3
13 silly saveTree | | | |   | +-- ansi-styles@2.2.1
13 silly saveTree | | | |   | `-- supports-color@2.0.0
13 silly saveTree | | | |   +-- source-map@0.5.7
13 silly saveTree | | | |   `-- supports-color@3.2.3
13 silly saveTree | | | |     `-- has-flag@1.0.0
13 silly saveTree | | | +-- postcss-discard-unused@2.2.3
13 silly saveTree | | | | +-- postcss@5.2.18
13 silly saveTree | | | | | +-- chalk@1.1.3
13 silly saveTree | | | | | | +-- ansi-styles@2.2.1
13 silly saveTree | | | | | | `-- supports-color@2.0.0
13 silly saveTree | | | | | +-- source-map@0.5.7
13 silly saveTree | | | | | `-- supports-color@3.2.3
13 silly saveTree | | | | |   `-- has-flag@1.0.0
13 silly saveTree | | | | `-- uniqs@2.0.0
13 silly saveTree | | | +-- postcss-filter-plugins@2.0.2
13 silly saveTree | | | | +-- postcss@5.2.18
13 silly saveTree | | | | | +-- chalk@1.1.3
13 silly saveTree | | | | | | +-- ansi-styles@2.2.1
13 silly saveTree | | | | | | `-- supports-color@2.0.0
13 silly saveTree | | | | | +-- source-map@0.5.7
13 silly saveTree | | | | | `-- supports-color@3.2.3
13 silly saveTree | | | | |   `-- has-flag@1.0.0
13 silly saveTree | | | | `-- uniqid@4.1.1
13 silly saveTree | | | |   `-- macaddress@0.2.8
13 silly saveTree | | | +-- postcss-merge-idents@2.1.7
13 silly saveTree | | | | `-- postcss@5.2.18
13 silly saveTree | | | |   +-- chalk@1.1.3
13 silly saveTree | | | |   | +-- ansi-styles@2.2.1
13 silly saveTree | | | |   | `-- supports-color@2.0.0
13 silly saveTree | | | |   +-- source-map@0.5.7
13 silly saveTree | | | |   `-- supports-color@3.2.3
13 silly saveTree | | | |     `-- has-flag@1.0.0
13 silly saveTree | | | +-- postcss-merge-longhand@2.0.2
13 silly saveTree | | | | `-- postcss@5.2.18
13 silly saveTree | | | |   +-- chalk@1.1.3
13 silly saveTree | | | |   | +-- ansi-styles@2.2.1
13 silly saveTree | | | |   | `-- supports-color@2.0.0
13 silly saveTree | | | |   +-- source-map@0.5.7
13 silly saveTree | | | |   `-- supports-color@3.2.3
13 silly saveTree | | | |     `-- has-flag@1.0.0
13 silly saveTree | | | +-- postcss-merge-rules@2.1.2
13 silly saveTree | | | | +-- browserslist@1.7.7
13 silly saveTree | | | | +-- caniuse-api@1.6.1
13 silly saveTree | | | | | +-- browserslist@1.7.7
13 silly saveTree | | | | | `-- lodash.memoize@4.1.2
13 silly saveTree | | | | +-- postcss-selector-parser@2.2.3
13 silly saveTree | | | | | +-- flatten@1.0.2
13 silly saveTree | | | | | +-- indexes-of@1.0.1
13 silly saveTree | | | | | `-- uniq@1.0.1
13 silly saveTree | | | | +-- postcss@5.2.18
13 silly saveTree | | | | | +-- chalk@1.1.3
13 silly saveTree | | | | | | +-- ansi-styles@2.2.1
13 silly saveTree | | | | | | `-- supports-color@2.0.0
13 silly saveTree | | | | | +-- source-map@0.5.7
13 silly saveTree | | | | | `-- supports-color@3.2.3
13 silly saveTree | | | | |   `-- has-flag@1.0.0
13 silly saveTree | | | | `-- vendors@1.0.2
13 silly saveTree | | | +-- postcss-minify-font-values@1.0.5
13 silly saveTree | | | | `-- postcss@5.2.18
13 silly saveTree | | | |   +-- chalk@1.1.3
13 silly saveTree | | | |   | +-- ansi-styles@2.2.1
13 silly saveTree | | | |   | `-- supports-color@2.0.0
13 silly saveTree | | | |   +-- source-map@0.5.7
13 silly saveTree | | | |   `-- supports-color@3.2.3
13 silly saveTree | | | |     `-- has-flag@1.0.0
13 silly saveTree | | | +-- postcss-minify-gradients@1.0.5
13 silly saveTree | | | | `-- postcss@5.2.18
13 silly saveTree | | | |   +-- chalk@1.1.3
13 silly saveTree | | | |   | +-- ansi-styles@2.2.1
13 silly saveTree | | | |   | `-- supports-color@2.0.0
13 silly saveTree | | | |   +-- source-map@0.5.7
13 silly saveTree | | | |   `-- supports-color@3.2.3
13 silly saveTree | | | |     `-- has-flag@1.0.0
13 silly saveTree | | | +-- postcss-minify-params@1.2.2
13 silly saveTree | | | | +-- alphanum-sort@1.0.2
13 silly saveTree | | | | `-- postcss@5.2.18
13 silly saveTree | | | |   +-- chalk@1.1.3
13 silly saveTree | | | |   | +-- ansi-styles@2.2.1
13 silly saveTree | | | |   | `-- supports-color@2.0.0
13 silly saveTree | | | |   +-- source-map@0.5.7
13 silly saveTree | | | |   `-- supports-color@3.2.3
13 silly saveTree | | | |     `-- has-flag@1.0.0
13 silly saveTree | | | +-- postcss-minify-selectors@2.1.1
13 silly saveTree | | | | `-- postcss@5.2.18
13 silly saveTree | | | |   +-- chalk@1.1.3
13 silly saveTree | | | |   | +-- ansi-styles@2.2.1
13 silly saveTree | | | |   | `-- supports-color@2.0.0
13 silly saveTree | | | |   +-- source-map@0.5.7
13 silly saveTree | | | |   `-- supports-color@3.2.3
13 silly saveTree | | | |     `-- has-flag@1.0.0
13 silly saveTree | | | +-- postcss-normalize-charset@1.1.1
13 silly saveTree | | | | `-- postcss@5.2.18
13 silly saveTree | | | |   +-- chalk@1.1.3
13 silly saveTree | | | |   | +-- ansi-styles@2.2.1
13 silly saveTree | | | |   | `-- supports-color@2.0.0
13 silly saveTree | | | |   +-- source-map@0.5.7
13 silly saveTree | | | |   `-- supports-color@3.2.3
13 silly saveTree | | | |     `-- has-flag@1.0.0
13 silly saveTree | | | +-- postcss-normalize-url@3.0.8
13 silly saveTree | | | | +-- is-absolute-url@2.1.0
13 silly saveTree | | | | +-- normalize-url@1.9.1
13 silly saveTree | | | | | +-- prepend-http@1.0.4
13 silly saveTree | | | | | `-- query-string@4.3.4
13 silly saveTree | | | | |   `-- strict-uri-encode@1.1.0
13 silly saveTree | | | | `-- postcss@5.2.18
13 silly saveTree | | | |   +-- chalk@1.1.3
13 silly saveTree | | | |   | +-- ansi-styles@2.2.1
13 silly saveTree | | | |   | `-- supports-color@2.0.0
13 silly saveTree | | | |   +-- source-map@0.5.7
13 silly saveTree | | | |   `-- supports-color@3.2.3
13 silly saveTree | | | |     `-- has-flag@1.0.0
13 silly saveTree | | | +-- postcss-ordered-values@2.2.3
13 silly saveTree | | | | `-- postcss@5.2.18
13 silly saveTree | | | |   +-- chalk@1.1.3
13 silly saveTree | | | |   | +-- ansi-styles@2.2.1
13 silly saveTree | | | |   | `-- supports-color@2.0.0
13 silly saveTree | | | |   +-- source-map@0.5.7
13 silly saveTree | | | |   `-- supports-color@3.2.3
13 silly saveTree | | | |     `-- has-flag@1.0.0
13 silly saveTree | | | +-- postcss-reduce-idents@2.4.0
13 silly saveTree | | | | `-- postcss@5.2.18
13 silly saveTree | | | |   +-- chalk@1.1.3
13 silly saveTree | | | |   | +-- ansi-styles@2.2.1
13 silly saveTree | | | |   | `-- supports-color@2.0.0
13 silly saveTree | | | |   +-- source-map@0.5.7
13 silly saveTree | | | |   `-- supports-color@3.2.3
13 silly saveTree | | | |     `-- has-flag@1.0.0
13 silly saveTree | | | +-- postcss-reduce-initial@1.0.1
13 silly saveTree | | | | `-- postcss@5.2.18
13 silly saveTree | | | |   +-- chalk@1.1.3
13 silly saveTree | | | |   | +-- ansi-styles@2.2.1
13 silly saveTree | | | |   | `-- supports-color@2.0.0
13 silly saveTree | | | |   +-- source-map@0.5.7
13 silly saveTree | | | |   `-- supports-color@3.2.3
13 silly saveTree | | | |     `-- has-flag@1.0.0
13 silly saveTree | | | +-- postcss-reduce-transforms@1.0.4
13 silly saveTree | | | | `-- postcss@5.2.18
13 silly saveTree | | | |   +-- chalk@1.1.3
13 silly saveTree | | | |   | +-- ansi-styles@2.2.1
13 silly saveTree | | | |   | `-- supports-color@2.0.0
13 silly saveTree | | | |   +-- source-map@0.5.7
13 silly saveTree | | | |   `-- supports-color@3.2.3
13 silly saveTree | | | |     `-- has-flag@1.0.0
13 silly saveTree | | | +-- postcss-svgo@2.1.6
13 silly saveTree | | | | +-- is-svg@2.1.0
13 silly saveTree | | | | | `-- html-comment-regex@1.1.1
13 silly saveTree | | | | +-- postcss@5.2.18
13 silly saveTree | | | | | +-- chalk@1.1.3
13 silly saveTree | | | | | | +-- ansi-styles@2.2.1
13 silly saveTree | | | | | | `-- supports-color@2.0.0
13 silly saveTree | | | | | +-- source-map@0.5.7
13 silly saveTree | | | | | `-- supports-color@3.2.3
13 silly saveTree | | | | |   `-- has-flag@1.0.0
13 silly saveTree | | | | `-- svgo@0.7.2
13 silly saveTree | | | |   +-- coa@1.0.4
13 silly saveTree | | | |   +-- colors@1.1.2
13 silly saveTree | | | |   +-- csso@2.3.2
13 silly saveTree | | | |   | +-- clap@1.2.3
13 silly saveTree | | | |   | | `-- chalk@1.1.3
13 silly saveTree | | | |   | |   +-- ansi-styles@2.2.1
13 silly saveTree | | | |   | |   `-- supports-color@2.0.0
13 silly saveTree | | | |   | `-- source-map@0.5.7
13 silly saveTree | | | |   +-- js-yaml@3.7.0
13 silly saveTree | | | |   | +-- argparse@1.0.10
13 silly saveTree | | | |   | | `-- sprintf-js@1.0.3
13 silly saveTree | | | |   | `-- esprima@2.7.3
13 silly saveTree | | | |   `-- sax@1.2.4
13 silly saveTree | | | +-- postcss-unique-selectors@2.0.2
13 silly saveTree | | | | `-- postcss@5.2.18
13 silly saveTree | | | |   +-- chalk@1.1.3
13 silly saveTree | | | |   | +-- ansi-styles@2.2.1
13 silly saveTree | | | |   | `-- supports-color@2.0.0
13 silly saveTree | | | |   +-- source-map@0.5.7
13 silly saveTree | | | |   `-- supports-color@3.2.3
13 silly saveTree | | | |     `-- has-flag@1.0.0
13 silly saveTree | | | +-- postcss-zindex@2.2.0
13 silly saveTree | | | | `-- postcss@5.2.18
13 silly saveTree | | | |   +-- chalk@1.1.3
13 silly saveTree | | | |   | +-- ansi-styles@2.2.1
13 silly saveTree | | | |   | `-- supports-color@2.0.0
13 silly saveTree | | | |   +-- source-map@0.5.7
13 silly saveTree | | | |   `-- supports-color@3.2.3
13 silly saveTree | | | |     `-- has-flag@1.0.0
13 silly saveTree | | | `-- postcss@5.2.18
13 silly saveTree | | +-- icss-utils@2.1.0
13 silly saveTree | | +-- lodash.camelcase@4.3.0
13 silly saveTree | | +-- postcss-modules-extract-imports@1.2.0
13 silly saveTree | | +-- postcss-modules-local-by-default@1.2.0
13 silly saveTree | | +-- postcss-modules-scope@1.1.0
13 silly saveTree | | +-- postcss-modules-values@1.3.0
13 silly saveTree | | | `-- icss-replace-symbols@1.1.0
13 silly saveTree | | +-- postcss@5.2.18
13 silly saveTree | | | +-- chalk@1.1.3
13 silly saveTree | | | | +-- ansi-styles@2.2.1
13 silly saveTree | | | | `-- supports-color@2.0.0
13 silly saveTree | | | +-- source-map@0.5.7
13 silly saveTree | | | `-- supports-color@3.2.3
13 silly saveTree | | |   `-- has-flag@1.0.0
13 silly saveTree | | `-- source-list-map@2.0.0
13 silly saveTree | +-- dotenv-expand@4.2.0
13 silly saveTree | +-- dotenv@4.0.0
13 silly saveTree | +-- extract-text-webpack-plugin@3.0.2
13 silly saveTree | | +-- async@2.6.0
13 silly saveTree | | +-- schema-utils@0.3.0
13 silly saveTree | | | `-- ajv@5.5.2
13 silly saveTree | | |   +-- fast-deep-equal@1.1.0
13 silly saveTree | | |   +-- fast-json-stable-stringify@2.0.0
13 silly saveTree | | |   `-- json-schema-traverse@0.3.1
13 silly saveTree | | `-- webpack-sources@1.1.0
13 silly saveTree | +-- file-loader@0.11.2
13 silly saveTree | +-- friendly-errors-webpack-plugin@1.7.0
13 silly saveTree | | +-- chalk@1.1.3
13 silly saveTree | | | +-- ansi-styles@2.2.1
13 silly saveTree | | | `-- supports-color@2.0.0
13 silly saveTree | | +-- error-stack-parser@2.0.1
13 silly saveTree | | | `-- stackframe@1.0.4
13 silly saveTree | | `-- string-width@2.1.1
13 silly saveTree | |   +-- is-fullwidth-code-point@2.0.0
13 silly saveTree | |   `-- strip-ansi@4.0.0
13 silly saveTree | |     `-- ansi-regex@3.0.0
13 silly saveTree | +-- fs-extra@3.0.1
13 silly saveTree | | +-- jsonfile@3.0.1
13 silly saveTree | | `-- universalify@0.1.1
13 silly saveTree | +-- html-loader@0.4.5
13 silly saveTree | | +-- es6-templates@0.2.3
13 silly saveTree | | | +-- recast@0.11.23
13 silly saveTree | | | | +-- ast-types@0.9.6
13 silly saveTree | | | | +-- esprima@3.1.3
13 silly saveTree | | | | `-- source-map@0.5.7
13 silly saveTree | | | `-- through@2.3.8
13 silly saveTree | | `-- html-minifier@3.5.15
13 silly saveTree | |   +-- camel-case@3.0.0
13 silly saveTree | |   | +-- no-case@2.3.2
13 silly saveTree | |   | | `-- lower-case@1.1.4
13 silly saveTree | |   | `-- upper-case@1.1.3
13 silly saveTree | |   +-- he@1.1.1
13 silly saveTree | |   +-- param-case@2.1.1
13 silly saveTree | |   +-- relateurl@0.2.7
13 silly saveTree | |   `-- uglify-js@3.3.25
13 silly saveTree | +-- img-loader@2.0.1
13 silly saveTree | | +-- imagemin-gifsicle@5.2.0
13 silly saveTree | | | +-- exec-buffer@3.2.0
13 silly saveTree | | | | +-- execa@0.7.0
13 silly saveTree | | | | | +-- get-stream@3.0.0
13 silly saveTree | | | | | +-- is-stream@1.1.0
13 silly saveTree | | | | | +-- npm-run-path@2.0.2
13 silly saveTree | | | | | | `-- path-key@2.0.1
13 silly saveTree | | | | | +-- p-finally@1.0.0
13 silly saveTree | | | | | `-- strip-eof@1.0.0
13 silly saveTree | | | | +-- p-finally@1.0.0
13 silly saveTree | | | | `-- tempfile@2.0.0
13 silly saveTree | | | |   `-- temp-dir@1.0.0
13 silly saveTree | | | +-- gifsicle@3.0.4
13 silly saveTree | | | | +-- bin-build@2.2.0
13 silly saveTree | | | | | +-- archive-type@3.2.0
13 silly saveTree | | | | | | `-- file-type@3.9.0
13 silly saveTree | | | | | +-- decompress@3.0.0
13 silly saveTree | | | | | | +-- buffer-to-vinyl@1.1.0
13 silly saveTree | | | | | | | +-- file-type@3.9.0
13 silly saveTree | | | | | | | `-- uuid@2.0.3
13 silly saveTree | | | | | | +-- concat-stream@1.6.2
13 silly saveTree | | | | | | | +-- buffer-from@1.0.0
13 silly saveTree | | | | | | | `-- typedarray@0.0.6
13 silly saveTree | | | | | | +-- decompress-tar@3.1.0
13 silly saveTree | | | | | | | +-- is-tar@1.0.0
13 silly saveTree | | | | | | | +-- object-assign@2.1.1
13 silly saveTree | | | | | | | +-- strip-dirs@1.1.1
13 silly saveTree | | | | | | | | +-- chalk@1.1.3
13 silly saveTree | | | | | | | | | +-- ansi-styles@2.2.1
13 silly saveTree | | | | | | | | | `-- supports-color@2.0.0
13 silly saveTree | | | | | | | | +-- is-absolute@0.1.7
13 silly saveTree | | | | | | | | | `-- is-relative@0.1.3
13 silly saveTree | | | | | | | | +-- is-natural-number@2.1.1
13 silly saveTree | | | | | | | | +-- minimist@1.2.0
13 silly saveTree | | | | | | | | `-- sum-up@1.0.3
13 silly saveTree | | | | | | | |   `-- chalk@1.1.3
13 silly saveTree | | | | | | | |     +-- ansi-styles@2.2.1
13 silly saveTree | | | | | | | |     `-- supports-color@2.0.0
13 silly saveTree | | | | | | | +-- tar-stream@1.6.1
13 silly saveTree | | | | | | | | +-- buffer-alloc@1.1.0
13 silly saveTree | | | | | | | | | +-- buffer-alloc-unsafe@0.1.1
13 silly saveTree | | | | | | | | | `-- buffer-fill@0.1.1
13 silly saveTree | | | | | | | | +-- fs-constants@1.0.0
13 silly saveTree | | | | | | | | `-- to-buffer@1.1.1
13 silly saveTree | | | | | | | `-- vinyl@0.4.6
13 silly saveTree | | | | | | |   `-- clone@0.2.0
13 silly saveTree | | | | | | +-- decompress-tarbz2@3.1.0
13 silly saveTree | | | | | | | +-- is-bzip2@1.0.0
13 silly saveTree | | | | | | | +-- object-assign@2.1.1
13 silly saveTree | | | | | | | +-- seek-bzip@1.0.5
13 silly saveTree | | | | | | | | `-- commander@2.8.1
13 silly saveTree | | | | | | | `-- vinyl@0.4.6
13 silly saveTree | | | | | | |   `-- clone@0.2.0
13 silly saveTree | | | | | | +-- decompress-targz@3.1.0
13 silly saveTree | | | | | | | +-- is-gzip@1.0.0
13 silly saveTree | | | | | | | +-- object-assign@2.1.1
13 silly saveTree | | | | | | | `-- vinyl@0.4.6
13 silly saveTree | | | | | | |   `-- clone@0.2.0
13 silly saveTree | | | | | | +-- decompress-unzip@3.4.0
13 silly saveTree | | | | | | | +-- is-zip@1.0.0
13 silly saveTree | | | | | | | +-- read-all-stream@3.1.0
13 silly saveTree | | | | | | | +-- stat-mode@0.2.2
13 silly saveTree | | | | | | | `-- through2@2.0.3
13 silly saveTree | | | | | | +-- stream-combiner2@1.1.1
13 silly saveTree | | | | | | | `-- duplexer2@0.1.4
13 silly saveTree | | | | | | +-- vinyl-assign@1.2.1
13 silly saveTree | | | | | | `-- vinyl-fs@2.4.4
13 silly saveTree | | | | | |   +-- glob-stream@5.3.5
13 silly saveTree | | | | | |   | +-- glob@5.0.15
13 silly saveTree | | | | | |   | +-- micromatch@2.3.11
13 silly saveTree | | | | | |   | | +-- arr-diff@2.0.0
13 silly saveTree | | | | | |   | | +-- array-unique@0.2.1
13 silly saveTree | | | | | |   | | +-- braces@1.8.5
13 silly saveTree | | | | | |   | | +-- expand-brackets@0.1.5
13 silly saveTree | | | | | |   | | +-- extglob@0.3.2
13 silly saveTree | | | | | |   | | | `-- is-extglob@1.0.0
13 silly saveTree | | | | | |   | | +-- is-extglob@1.0.0
13 silly saveTree | | | | | |   | | +-- is-glob@2.0.1
13 silly saveTree | | | | | |   | | `-- kind-of@3.2.2
13 silly saveTree | | | | | |   | +-- ordered-read-streams@0.3.0
13 silly saveTree | | | | | |   | +-- to-absolute-glob@0.1.1
13 silly saveTree | | | | | |   | | `-- extend-shallow@2.0.1
13 silly saveTree | | | | | |   | `-- unique-stream@2.2.1
13 silly saveTree | | | | | |   |   `-- through2-filter@2.0.0
13 silly saveTree | | | | | |   |     `-- through2@2.0.3
13 silly saveTree | | | | | |   +-- is-valid-glob@0.3.0
13 silly saveTree | | | | | |   +-- lazystream@1.0.0
13 silly saveTree | | | | | |   +-- lodash.isequal@4.5.0
13 silly saveTree | | | | | |   +-- through2-filter@2.0.0
13 silly saveTree | | | | | |   +-- through2@2.0.3
13 silly saveTree | | | | | |   `-- vali-date@1.0.0
13 silly saveTree | | | | | +-- download@4.4.3
13 silly saveTree | | | | | | +-- caw@1.2.0
13 silly saveTree | | | | | | | +-- get-proxy@1.1.0
13 silly saveTree | | | | | | | | `-- rc@1.2.7
13 silly saveTree | | | | | | | |   +-- deep-extend@0.5.1
13 silly saveTree | | | | | | | |   +-- minimist@1.2.0
13 silly saveTree | | | | | | | |   `-- strip-json-comments@2.0.1
13 silly saveTree | | | | | | | +-- is-obj@1.0.1
13 silly saveTree | | | | | | | `-- object-assign@3.0.0
13 silly saveTree | | | | | | +-- each-async@1.1.1
13 silly saveTree | | | | | | | `-- onetime@1.1.0
13 silly saveTree | | | | | | +-- filenamify@1.2.1
13 silly saveTree | | | | | | | +-- filename-reserved-regex@1.0.0
13 silly saveTree | | | | | | | +-- strip-outer@1.0.1
13 silly saveTree | | | | | | | `-- trim-repeated@1.0.0
13 silly saveTree | | | | | | +-- got@5.7.1
13 silly saveTree | | | | | | | +-- create-error-class@3.0.2
13 silly saveTree | | | | | | | | `-- capture-stack-trace@1.0.0
13 silly saveTree | | | | | | | +-- is-redirect@1.0.0
13 silly saveTree | | | | | | | +-- is-retry-allowed@1.1.0
13 silly saveTree | | | | | | | +-- lowercase-keys@1.0.1
13 silly saveTree | | | | | | | +-- node-status-codes@1.0.0
13 silly saveTree | | | | | | | +-- timed-out@3.1.3
13 silly saveTree | | | | | | | +-- unzip-response@1.0.2
13 silly saveTree | | | | | | | `-- url-parse-lax@1.0.0
13 silly saveTree | | | | | | +-- gulp-decompress@1.2.0
13 silly saveTree | | | | | | +-- is-url@1.2.4
13 silly saveTree | | | | | | `-- ware@1.3.0
13 silly saveTree | | | | | +-- exec-series@1.0.3
13 silly saveTree | | | | | | `-- async-each-series@1.1.0
13 silly saveTree | | | | | +-- tempfile@1.1.1
13 silly saveTree | | | | | | `-- uuid@2.0.3
13 silly saveTree | | | | | `-- url-regex@3.2.0
13 silly saveTree | | | | |   `-- ip-regex@1.0.3
13 silly saveTree | | | | +-- bin-wrapper@3.0.2
13 silly saveTree | | | | | +-- bin-check@2.0.0
13 silly saveTree | | | | | | `-- executable@1.1.0
13 silly saveTree | | | | | +-- bin-version-check@2.1.0
13 silly saveTree | | | | | | +-- bin-version@1.0.4
13 silly saveTree | | | | | | | `-- find-versions@1.2.1
13 silly saveTree | | | | | | |   `-- semver-regex@1.0.0
13 silly saveTree | | | | | | +-- minimist@1.2.0
13 silly saveTree | | | | | | +-- semver-truncate@1.1.2
13 silly saveTree | | | | | | `-- semver@4.3.6
13 silly saveTree | | | | | +-- lazy-req@1.1.0
13 silly saveTree | | | | | `-- os-filter-obj@1.0.3
13 silly saveTree | | | | `-- logalot@2.1.0
13 silly saveTree | | | |   +-- figures@1.7.0
13 silly saveTree | | | |   `-- squeak@1.3.0
13 silly saveTree | | | |     +-- chalk@1.1.3
13 silly saveTree | | | |     | +-- ansi-styles@2.2.1
13 silly saveTree | | | |     | `-- supports-color@2.0.0
13 silly saveTree | | | |     +-- console-stream@0.1.1
13 silly saveTree | | | |     `-- lpad-align@1.1.2
13 silly saveTree | | | `-- is-gif@1.0.0
13 silly saveTree | | +-- imagemin-mozjpeg@7.0.0
13 silly saveTree | | | +-- execa@0.8.0
13 silly saveTree | | | +-- is-jpg@1.0.1
13 silly saveTree | | | `-- mozjpeg@5.0.0
13 silly saveTree | | +-- imagemin-optipng@5.2.1
13 silly saveTree | | | +-- is-png@1.1.0
13 silly saveTree | | | `-- optipng-bin@3.1.4
13 silly saveTree | | +-- imagemin-pngquant@5.1.0
13 silly saveTree | | | +-- execa@0.10.0
13 silly saveTree | | | | `-- cross-spawn@6.0.5
13 silly saveTree | | | |   `-- nice-try@1.0.4
13 silly saveTree | | | `-- pngquant-bin@4.0.0
13 silly saveTree | | |   +-- bin-build@3.0.0
13 silly saveTree | | |   | +-- decompress@4.2.0
13 silly saveTree | | |   | | +-- decompress-tar@4.1.1
13 silly saveTree | | |   | | | `-- file-type@5.2.0
13 silly saveTree | | |   | | +-- decompress-tarbz2@4.1.1
13 silly saveTree | | |   | | | +-- file-type@6.2.0
13 silly saveTree | | |   | | | `-- unbzip2-stream@1.2.5
13 silly saveTree | | |   | | |   `-- buffer@3.6.0
13 silly saveTree | | |   | | |     `-- base64-js@0.0.8
13 silly saveTree | | |   | | +-- decompress-targz@4.1.1
13 silly saveTree | | |   | | +-- decompress-unzip@4.0.1
13 silly saveTree | | |   | | | +-- file-type@3.9.0
13 silly saveTree | | |   | | | +-- get-stream@2.3.1
13 silly saveTree | | |   | | | `-- pify@2.3.0
13 silly saveTree | | |   | | +-- pify@2.3.0
13 silly saveTree | | |   | | `-- strip-dirs@2.1.0
13 silly saveTree | | |   | |   `-- is-natural-number@4.0.1
13 silly saveTree | | |   | +-- download@6.2.5
13 silly saveTree | | |   | | +-- caw@2.0.1
13 silly saveTree | | |   | | | +-- get-proxy@2.1.0
13 silly saveTree | | |   | | | | `-- npm-conf@1.1.3
13 silly saveTree | | |   | | | |   `-- config-chain@1.1.11
13 silly saveTree | | |   | | | |     `-- proto-list@1.2.4
13 silly saveTree | | |   | | | +-- isurl@1.0.0
13 silly saveTree | | |   | | | | +-- has-to-string-tag-x@1.4.1
13 silly saveTree | | |   | | | | | `-- has-symbol-support-x@1.4.2
13 silly saveTree | | |   | | | | `-- is-object@1.0.1
13 silly saveTree | | |   | | | +-- tunnel-agent@0.6.0
13 silly saveTree | | |   | | | `-- url-to-options@1.0.1
13 silly saveTree | | |   | | +-- content-disposition@0.5.2
13 silly saveTree | | |   | | +-- ext-name@5.0.0
13 silly saveTree | | |   | | | +-- ext-list@2.2.2
13 silly saveTree | | |   | | | `-- sort-keys-length@1.0.1
13 silly saveTree | | |   | | +-- filenamify@2.0.0
13 silly saveTree | | |   | | | `-- filename-reserved-regex@2.0.0
13 silly saveTree | | |   | | +-- get-stream@3.0.0
13 silly saveTree | | |   | | +-- got@7.1.0
13 silly saveTree | | |   | | | +-- decompress-response@3.3.0
13 silly saveTree | | |   | | | | `-- mimic-response@1.0.0
13 silly saveTree | | |   | | | +-- duplexer3@0.1.4
13 silly saveTree | | |   | | | +-- get-stream@3.0.0
13 silly saveTree | | |   | | | +-- p-cancelable@0.3.0
13 silly saveTree | | |   | | | +-- p-timeout@1.2.1
13 silly saveTree | | |   | | | `-- timed-out@4.0.1
13 silly saveTree | | |   | | +-- p-event@1.3.0
13 silly saveTree | | |   | | `-- pify@3.0.0
13 silly saveTree | | |   | +-- execa@0.7.0
13 silly saveTree | | |   | | `-- get-stream@3.0.0
13 silly saveTree | | |   | `-- p-map-series@1.0.0
13 silly saveTree | | |   |   `-- p-reduce@1.0.0
13 silly saveTree | | |   `-- execa@0.10.0
13 silly saveTree | | |     +-- cross-spawn@6.0.5
13 silly saveTree | | |     `-- get-stream@3.0.0
13 silly saveTree | | +-- imagemin-svgo@6.0.0
13 silly saveTree | | | +-- buffer-from@0.1.2
13 silly saveTree | | | `-- svgo@1.0.5
13 silly saveTree | | |   +-- coa@2.0.1
13 silly saveTree | | |   +-- css-select-base-adapter@0.1.0
13 silly saveTree | | |   +-- css-select@1.3.0-rc0
13 silly saveTree | | |   | +-- boolbase@1.0.0
13 silly saveTree | | |   | +-- css-what@2.1.0
13 silly saveTree | | |   | +-- domutils@1.5.1
13 silly saveTree | | |   | | +-- dom-serializer@0.1.0
13 silly saveTree | | |   | | | +-- domelementtype@1.1.3
13 silly saveTree | | |   | | | `-- entities@1.1.1
13 silly saveTree | | |   | | `-- domelementtype@1.3.0
13 silly saveTree | | |   | `-- nth-check@1.0.1
13 silly saveTree | | |   +-- css-tree@1.0.0-alpha25
13 silly saveTree | | |   | +-- mdn-data@1.1.3
13 silly saveTree | | |   | `-- source-map@0.5.7
13 silly saveTree | | |   +-- css-url-regex@1.1.0
13 silly saveTree | | |   +-- csso@3.5.0
13 silly saveTree | | |   | `-- css-tree@1.0.0-alpha.27
13 silly saveTree | | |   |   `-- source-map@0.5.7
13 silly saveTree | | |   +-- js-yaml@3.10.0
13 silly saveTree | | |   | `-- esprima@4.0.0
13 silly saveTree | | |   +-- object.values@1.0.4
13 silly saveTree | | |   | +-- define-properties@1.1.2
13 silly saveTree | | |   | | +-- foreach@2.0.5
13 silly saveTree | | |   | | `-- object-keys@1.0.11
13 silly saveTree | | |   | `-- es-abstract@1.11.0
13 silly saveTree | | |   |   +-- es-to-primitive@1.1.1
13 silly saveTree | | |   |   | +-- is-callable@1.1.3
13 silly saveTree | | |   |   | +-- is-date-object@1.0.1
13 silly saveTree | | |   |   | `-- is-symbol@1.0.1
13 silly saveTree | | |   |   +-- is-callable@1.1.3
13 silly saveTree | | |   |   `-- is-regex@1.0.4
13 silly saveTree | | |   +-- stable@0.1.8
13 silly saveTree | | |   +-- unquote@1.1.1
13 silly saveTree | | |   `-- util.promisify@1.0.0
13 silly saveTree | | |     `-- object.getownpropertydescriptors@2.0.3
13 silly saveTree | | `-- imagemin@5.3.1
13 silly saveTree | |   +-- file-type@4.4.0
13 silly saveTree | |   +-- globby@6.1.0
13 silly saveTree | |   | `-- pify@2.3.0
13 silly saveTree | |   +-- p-pipe@1.2.0
13 silly saveTree | |   `-- pify@2.3.0
13 silly saveTree | +-- md5@2.2.1
13 silly saveTree | | +-- charenc@0.0.2
13 silly saveTree | | `-- crypt@0.0.2
13 silly saveTree | +-- postcss-loader@2.1.5
13 silly saveTree | | +-- postcss-load-config@1.2.0
13 silly saveTree | | | +-- cosmiconfig@2.2.2
13 silly saveTree | | | | +-- is-directory@0.3.1
13 silly saveTree | | | | +-- minimist@1.2.0
13 silly saveTree | | | | `-- require-from-string@1.2.1
13 silly saveTree | | | +-- postcss-load-options@1.2.0
13 silly saveTree | | | `-- postcss-load-plugins@2.3.0
13 silly saveTree | | `-- schema-utils@0.4.5
13 silly saveTree | |   +-- ajv-keywords@3.2.0
13 silly saveTree | |   `-- ajv@6.5.0
13 silly saveTree | |     +-- fast-deep-equal@2.0.1
13 silly saveTree | |     `-- uri-js@4.2.1
13 silly saveTree | |       `-- punycode@2.1.0
13 silly saveTree | +-- resolve-url-loader@2.3.0
13 silly saveTree | | +-- adjust-sourcemap-loader@1.2.0
13 silly saveTree | | | +-- camelcase@1.2.1
13 silly saveTree | | | +-- lodash.defaults@3.1.2
13 silly saveTree | | | | `-- lodash.assign@3.2.0
13 silly saveTree | | | |   `-- lodash._createassigner@3.1.1
13 silly saveTree | | | +-- object-path@0.9.2
13 silly saveTree | | | `-- regex-parser@2.2.9
13 silly saveTree | | +-- camelcase@4.1.0
13 silly saveTree | | +-- rework-visit@1.0.0
13 silly saveTree | | +-- rework@1.0.1
13 silly saveTree | | | +-- convert-source-map@0.3.5
13 silly saveTree | | | `-- css@2.2.3
13 silly saveTree | | |   `-- source-map@0.1.43
13 silly saveTree | | `-- source-map@0.5.7
13 silly saveTree | +-- sass-loader@6.0.7
13 silly saveTree | | +-- clone-deep@2.0.2
13 silly saveTree | | | +-- for-own@1.0.0
13 silly saveTree | | | `-- shallow-clone@1.0.0
13 silly saveTree | | |   +-- kind-of@5.1.0
13 silly saveTree | | |   `-- mixin-object@2.0.1
13 silly saveTree | | |     `-- for-in@0.1.8
13 silly saveTree | | `-- lodash.tail@4.1.1
13 silly saveTree | +-- style-loader@0.18.2
13 silly saveTree | +-- uglifyjs-webpack-plugin@1.2.5
13 silly saveTree | | +-- cacache@10.0.4
13 silly saveTree | | | +-- bluebird@3.5.1
13 silly saveTree | | | +-- chownr@1.0.1
13 silly saveTree | | | +-- mississippi@2.0.0
13 silly saveTree | | | | +-- flush-write-stream@1.0.3
13 silly saveTree | | | | +-- from2@2.3.0
13 silly saveTree | | | | +-- parallel-transform@1.1.0
13 silly saveTree | | | | | `-- cyclist@0.2.2
13 silly saveTree | | | | +-- pump@2.0.1
13 silly saveTree | | | | +-- pumpify@1.5.1
13 silly saveTree | | | | +-- stream-each@1.2.2
13 silly saveTree | | | | `-- through2@2.0.3
13 silly saveTree | | | +-- move-concurrently@1.0.1
13 silly saveTree | | | | +-- copy-concurrently@1.0.5
13 silly saveTree | | | | | +-- fs-write-stream-atomic@1.0.10
13 silly saveTree | | | | | | +-- iferr@0.1.5
13 silly saveTree | | | | | | `-- imurmurhash@0.1.4
13 silly saveTree | | | | | +-- iferr@0.1.5
13 silly saveTree | | | | | `-- run-queue@1.0.3
13 silly saveTree | | | | +-- fs-write-stream-atomic@1.0.10
13 silly saveTree | | | | `-- run-queue@1.0.3
13 silly saveTree | | | +-- promise-inflight@1.0.1
13 silly saveTree | | | +-- ssri@5.3.0
13 silly saveTree | | | +-- unique-filename@1.1.0
13 silly saveTree | | | | `-- unique-slug@2.0.0
13 silly saveTree | | | `-- y18n@4.0.0
13 silly saveTree | | +-- schema-utils@0.4.5
13 silly saveTree | | | `-- ajv@6.5.0
13 silly saveTree | | |   `-- fast-deep-equal@2.0.1
13 silly saveTree | | +-- serialize-javascript@1.5.0
13 silly saveTree | | `-- uglify-es@3.3.9
13 silly saveTree | |   `-- commander@2.13.0
13 silly saveTree | +-- vue-loader@13.7.1
13 silly saveTree | | +-- consolidate@0.14.5
13 silly saveTree | | +-- hash-sum@1.0.2
13 silly saveTree | | +-- prettier@1.12.1
13 silly saveTree | | +-- vue-hot-reload-api@2.3.0
13 silly saveTree | | +-- vue-style-loader@3.1.2
13 silly saveTree | | `-- vue-template-es2015-compiler@1.6.0
13 silly saveTree | +-- vue-template-compiler@2.5.16
13 silly saveTree | | `-- de-indent@1.0.2
13 silly saveTree | +-- webpack-chunk-hash@0.4.0
13 silly saveTree | +-- webpack-dev-server@2.11.2
13 silly saveTree | | +-- ansi-html@0.0.7
13 silly saveTree | | +-- array-includes@3.0.3
13 silly saveTree | | +-- bonjour@3.5.0
13 silly saveTree | | | +-- array-flatten@2.1.1
13 silly saveTree | | | +-- deep-equal@1.0.1
13 silly saveTree | | | +-- dns-equal@1.0.0
13 silly saveTree | | | +-- dns-txt@2.0.2
13 silly saveTree | | | | `-- buffer-indexof@1.1.1
13 silly saveTree | | | +-- multicast-dns-service-types@1.1.0
13 silly saveTree | | | `-- multicast-dns@6.2.3
13 silly saveTree | | |   +-- dns-packet@1.3.1
13 silly saveTree | | |   | `-- ip@1.1.5
13 silly saveTree | | |   `-- thunky@1.0.2
13 silly saveTree | | +-- compression@1.7.2
13 silly saveTree | | | +-- accepts@1.3.5
13 silly saveTree | | | | `-- negotiator@0.6.1
13 silly saveTree | | | +-- bytes@3.0.0
13 silly saveTree | | | +-- compressible@2.0.13
13 silly saveTree | | | +-- debug@2.6.9
13 silly saveTree | | | +-- on-headers@1.0.1
13 silly saveTree | | | +-- safe-buffer@5.1.1
13 silly saveTree | | | `-- vary@1.1.2
13 silly saveTree | | +-- connect-history-api-fallback@1.5.0
13 silly saveTree | | +-- del@3.0.0
13 silly saveTree | | | `-- p-map@1.2.0
13 silly saveTree | | +-- express@4.16.3
13 silly saveTree | | | +-- array-flatten@1.1.1
13 silly saveTree | | | +-- body-parser@1.18.2
13 silly saveTree | | | | +-- content-type@1.0.4
13 silly saveTree | | | | +-- debug@2.6.9
13 silly saveTree | | | | +-- depd@1.1.2
13 silly saveTree | | | | +-- http-errors@1.6.3
13 silly saveTree | | | | | +-- setprototypeof@1.1.0
13 silly saveTree | | | | | `-- statuses@1.4.0
13 silly saveTree | | | | +-- iconv-lite@0.4.19
13 silly saveTree | | | | +-- on-finished@2.3.0
13 silly saveTree | | | | | `-- ee-first@1.1.1
13 silly saveTree | | | | +-- qs@6.5.1
13 silly saveTree | | | | +-- raw-body@2.3.2
13 silly saveTree | | | | | +-- http-errors@1.6.2
13 silly saveTree | | | | | | +-- depd@1.1.1
13 silly saveTree | | | | | | `-- setprototypeof@1.0.3
13 silly saveTree | | | | | `-- unpipe@1.0.0
13 silly saveTree | | | | `-- type-is@1.6.16
13 silly saveTree | | | |   `-- media-typer@0.3.0
13 silly saveTree | | | +-- content-type@1.0.4
13 silly saveTree | | | +-- cookie-signature@1.0.6
13 silly saveTree | | | +-- cookie@0.3.1
13 silly saveTree | | | +-- debug@2.6.9
13 silly saveTree | | | +-- depd@1.1.2
13 silly saveTree | | | +-- encodeurl@1.0.2
13 silly saveTree | | | +-- escape-html@1.0.3
13 silly saveTree | | | +-- etag@1.8.1
13 silly saveTree | | | +-- finalhandler@1.1.1
13 silly saveTree | | | | +-- debug@2.6.9
13 silly saveTree | | | | `-- parseurl@1.3.2
13 silly saveTree | | | +-- fresh@0.5.2
13 silly saveTree | | | +-- merge-descriptors@1.0.1
13 silly saveTree | | | +-- methods@1.1.2
13 silly saveTree | | | +-- on-finished@2.3.0
13 silly saveTree | | | +-- parseurl@1.3.2
13 silly saveTree | | | +-- path-to-regexp@0.1.7
13 silly saveTree | | | +-- proxy-addr@2.0.3
13 silly saveTree | | | | +-- forwarded@0.1.2
13 silly saveTree | | | | `-- ipaddr.js@1.6.0
13 silly saveTree | | | +-- qs@6.5.1
13 silly saveTree | | | +-- range-parser@1.2.0
13 silly saveTree | | | +-- safe-buffer@5.1.1
13 silly saveTree | | | +-- send@0.16.2
13 silly saveTree | | | | +-- debug@2.6.9
13 silly saveTree | | | | `-- destroy@1.0.4
13 silly saveTree | | | +-- serve-static@1.13.2
13 silly saveTree | | | +-- setprototypeof@1.1.0
13 silly saveTree | | | +-- statuses@1.4.0
13 silly saveTree | | | +-- type-is@1.6.16
13 silly saveTree | | | `-- utils-merge@1.0.1
13 silly saveTree | | +-- html-entities@1.2.1
13 silly saveTree | | +-- http-proxy-middleware@0.17.4
13 silly saveTree | | | +-- http-proxy@1.17.0
13 silly saveTree | | | | +-- eventemitter3@3.1.0
13 silly saveTree | | | | `-- requires-port@1.0.0
13 silly saveTree | | | +-- is-glob@3.1.0
13 silly saveTree | | | `-- micromatch@2.3.11
13 silly saveTree | | |   +-- arr-diff@2.0.0
13 silly saveTree | | |   +-- array-unique@0.2.1
13 silly saveTree | | |   +-- braces@1.8.5
13 silly saveTree | | |   +-- expand-brackets@0.1.5
13 silly saveTree | | |   +-- extglob@0.3.2
13 silly saveTree | | |   | `-- is-extglob@1.0.0
13 silly saveTree | | |   +-- is-extglob@1.0.0
13 silly saveTree | | |   +-- is-glob@2.0.1
13 silly saveTree | | |   `-- kind-of@3.2.2
13 silly saveTree | | +-- import-local@1.0.0
13 silly saveTree | | | `-- resolve-cwd@2.0.0
13 silly saveTree | | |   `-- resolve-from@3.0.0
13 silly saveTree | | +-- internal-ip@1.2.0
13 silly saveTree | | +-- ip@1.1.5
13 silly saveTree | | +-- killable@1.0.0
13 silly saveTree | | +-- loglevel@1.6.1
13 silly saveTree | | +-- opn@5.3.0
13 silly saveTree | | | `-- is-wsl@1.1.0
13 silly saveTree | | +-- portfinder@1.0.13
13 silly saveTree | | | +-- async@1.5.2
13 silly saveTree | | | `-- debug@2.6.9
13 silly saveTree | | +-- selfsigned@1.10.3
13 silly saveTree | | | `-- node-forge@0.7.5
13 silly saveTree | | +-- serve-index@1.9.1
13 silly saveTree | | | +-- batch@0.6.1
13 silly saveTree | | | `-- debug@2.6.9
13 silly saveTree | | +-- sockjs-client@1.1.4
13 silly saveTree | | | +-- debug@2.6.9
13 silly saveTree | | | +-- eventsource@0.1.6
13 silly saveTree | | | | `-- original@1.0.1
13 silly saveTree | | | |   `-- url-parse@1.4.0
13 silly saveTree | | | |     `-- querystringify@2.0.0
13 silly saveTree | | | +-- faye-websocket@0.11.1
13 silly saveTree | | | +-- json3@3.3.2
13 silly saveTree | | | `-- url-parse@1.4.0
13 silly saveTree | | +-- sockjs@0.3.19
13 silly saveTree | | | `-- faye-websocket@0.10.0
13 silly saveTree | | +-- spdy@3.4.7
13 silly saveTree | | | +-- debug@2.6.9
13 silly saveTree | | | +-- handle-thing@1.2.5
13 silly saveTree | | | +-- http-deceiver@1.2.7
13 silly saveTree | | | +-- select-hose@2.0.0
13 silly saveTree | | | `-- spdy-transport@2.1.0
13 silly saveTree | | |   +-- debug@2.6.9
13 silly saveTree | | |   +-- detect-node@2.0.3
13 silly saveTree | | |   +-- hpack.js@2.1.6
13 silly saveTree | | |   | +-- obuf@1.1.2
13 silly saveTree | | |   | `-- wbuf@1.7.3
13 silly saveTree | | |   +-- obuf@1.1.2
13 silly saveTree | | |   `-- wbuf@1.7.3
13 silly saveTree | | +-- webpack-dev-middleware@1.12.2
13 silly saveTree | | | +-- memory-fs@0.4.1
13 silly saveTree | | | +-- mime@1.6.0
13 silly saveTree | | | `-- time-stamp@2.0.0
13 silly saveTree | | `-- yargs@6.6.0
13 silly saveTree | |   +-- camelcase@3.0.0
13 silly saveTree | |   +-- string-width@1.0.2
13 silly saveTree | |   | `-- is-fullwidth-code-point@1.0.0
13 silly saveTree | |   `-- yargs-parser@4.2.1
13 silly saveTree | +-- webpack-merge@4.1.2
13 silly saveTree | +-- webpack-notifier@1.6.0
13 silly saveTree | | `-- node-notifier@5.2.1
13 silly saveTree | `-- webpack@3.12.0
13 silly saveTree |   +-- acorn-dynamic-import@2.0.2
13 silly saveTree |   | `-- acorn@4.0.13
13 silly saveTree |   +-- acorn@5.5.3
13 silly saveTree |   +-- ajv@6.5.0
13 silly saveTree |   | `-- fast-deep-equal@2.0.1
13 silly saveTree |   +-- enhanced-resolve@3.4.1
13 silly saveTree |   +-- escope@3.6.0
13 silly saveTree |   | +-- es6-map@0.1.5
13 silly saveTree |   | | +-- d@1.0.0
13 silly saveTree |   | | | `-- es5-ext@0.10.42
13 silly saveTree |   | | |   +-- es6-iterator@2.0.3
13 silly saveTree |   | | |   | `-- es6-symbol@3.1.1
13 silly saveTree |   | | |   +-- es6-symbol@3.1.1
13 silly saveTree |   | | |   `-- next-tick@1.0.0
13 silly saveTree |   | | +-- es5-ext@0.10.42
13 silly saveTree |   | | +-- es6-iterator@2.0.3
13 silly saveTree |   | | +-- es6-set@0.1.5
13 silly saveTree |   | | | `-- event-emitter@0.3.5
13 silly saveTree |   | | +-- es6-symbol@3.1.1
13 silly saveTree |   | | `-- event-emitter@0.3.5
13 silly saveTree |   | +-- es6-weak-map@2.0.2
13 silly saveTree |   | +-- esrecurse@4.2.1
13 silly saveTree |   | | `-- estraverse@4.2.0
13 silly saveTree |   | `-- estraverse@4.2.0
13 silly saveTree |   +-- json-loader@0.5.7
13 silly saveTree |   +-- node-libs-browser@2.1.0
13 silly saveTree |   | +-- browserify-zlib@0.2.0
13 silly saveTree |   | | `-- pako@1.0.6
13 silly saveTree |   | +-- buffer@4.9.1
13 silly saveTree |   | | `-- base64-js@1.3.0
13 silly saveTree |   | +-- https-browserify@1.0.0
13 silly saveTree |   | +-- os-browserify@0.3.0
13 silly saveTree |   | `-- timers-browserify@2.0.10
13 silly saveTree |   |   `-- setimmediate@1.0.5
13 silly saveTree |   +-- source-map@0.5.7
13 silly saveTree |   +-- supports-color@4.5.0
13 silly saveTree |   | `-- has-flag@2.0.0
13 silly saveTree |   `-- uglifyjs-webpack-plugin@0.4.6
13 silly saveTree +-- lodash@4.17.10
13 silly saveTree +-- popper.js@1.14.3
13 silly saveTree `-- vue@2.5.16
14 verbose stack Error: No git binary found in $PATH
14 verbose stack     at checkGit (C:\Program Files\nodejs\node_modules\npm\node_modules\pacote\lib\util\git.js:203:17)
14 verbose stack     at spawnGit (C:\Program Files\nodejs\node_modules\npm\node_modules\pacote\lib\util\git.js:182:10)
14 verbose stack     at pinflight (C:\Program Files\nodejs\node_modules\npm\node_modules\pacote\lib\util\git.js:114:12)
14 verbose stack     at C:\Program Files\nodejs\node_modules\npm\node_modules\promise-inflight\inflight.js:29:24
14 verbose stack     at Promise._execute (C:\Program Files\nodejs\node_modules\npm\node_modules\bluebird\js\release\debuggability.js:303:9)
14 verbose stack     at Promise._resolveFromExecutor (C:\Program Files\nodejs\node_modules\npm\node_modules\bluebird\js\release\promise.js:483:18)
14 verbose stack     at new Promise (C:\Program Files\nodejs\node_modules\npm\node_modules\bluebird\js\release\promise.js:79:10)
14 verbose stack     at _inflight (C:\Program Files\nodejs\node_modules\npm\node_modules\promise-inflight\inflight.js:28:25)
14 verbose stack     at C:\Program Files\nodejs\node_modules\npm\node_modules\promise-inflight\inflight.js:22:14
14 verbose stack     at tryCatcher (C:\Program Files\nodejs\node_modules\npm\node_modules\bluebird\js\release\util.js:16:23)
14 verbose stack     at Promise._settlePromiseFromHandler (C:\Program Files\nodejs\node_modules\npm\node_modules\bluebird\js\release\promise.js:512:31)
14 verbose stack     at Promise._settlePromise (C:\Program Files\nodejs\node_modules\npm\node_modules\bluebird\js\release\promise.js:569:18)
14 verbose stack     at Promise._settlePromiseCtx (C:\Program Files\nodejs\node_modules\npm\node_modules\bluebird\js\release\promise.js:606:10)
14 verbose stack     at Async._drainQueue (C:\Program Files\nodejs\node_modules\npm\node_modules\bluebird\js\release\async.js:138:12)
14 verbose stack     at Async._drainQueues (C:\Program Files\nodejs\node_modules\npm\node_modules\bluebird\js\release\async.js:143:10)
14 verbose stack     at Immediate.Async.drainQueues (C:\Program Files\nodejs\node_modules\npm\node_modules\bluebird\js\release\async.js:17:14)
15 verbose cwd C:\Users\sasha\Documents\Github\petraWebsite
16 verbose Windows_NT 10.0.16299
17 verbose argv "C:\\Program Files\\nodejs\\node.exe" "C:\\Program Files\\nodejs\\node_modules\\npm\\bin\\npm-cli.js" "install" "--no-cache" "git"
18 verbose node v8.10.0
19 verbose npm  v5.6.0
20 error code ENOGIT
21 error No git binary found in $PATH
22 error Failed using git.
22 error Please check if you have git installed and in your PATH.
23 verbose exit [ 1, true ]
